2025-03-14 13:20:15 - Evelate.py:107 - 

+++++++++++++++++++++++ Msg 0 +++++++++++++++++++++++
2025-03-14 13:20:15 - Separator.py:376 - Intra-Instruction Analysis Syntax——Res:['0,1', '2,3']
2025-03-14 13:20:15 - Separator.py:476 - similarity_score:-0.8571428571428571
2025-03-14 13:20:15 - Speculator.py:154 - 	--Curr Field:0,1
2025-03-14 13:20:15 - Speculator.py:154 - 	--Curr Field:2,3
2025-03-14 13:20:15 - Evelate.py:133 - add_field:
2025-03-14 13:20:15 - Evelate.py:133 - add_field:
2025-03-14 13:20:15 - Evelate.py:155 - payload_message: b'\x00\x04\x00\x01'
2025-03-14 13:20:15 - Evelate.py:156 - fields: ['0,1', '2,3']
2025-03-14 13:20:15 - Evelate.py:157 - boundaries: [-1, 1, 3]
2025-03-14 13:20:15 - Evelate.py:158 - field_Types: {'0,1': ['Static'], '2,3': ['Static', 'Bit Field']}
2025-03-14 13:20:15 - Evelate.py:159 - field_Functions: {'0,1': [], '2,3': ['Length']}
2025-03-14 13:20:15 - Tupni.py:162 - ****************Tupni********************
2025-03-14 13:20:15 - Tupni.py:163 - Tupni_length: 
2025-03-14 13:20:15 - Tupni.py:164 - Tupni_checksum: 
2025-03-14 13:20:15 - Tupni.py:165 - ==Flat Field: ['0,1', '2,3']
2025-03-14 13:20:15 - Tupni.py:166 - Tupni_format: ['0,1', '2,3']
2025-03-14 13:20:15 - Polyglot.py:504 - Polyglot_Separator:[]
2025-03-14 13:20:15 - Polyglot.py:641 - fff
2025-03-14 13:20:15 - Polyglot.py:75 - end_index:3
2025-03-14 13:20:15 - Polyglot.py:76 - sizeofTaint:4
2025-03-14 13:20:15 - Polyglot.py:104 - merged_list:['2,3', '0,1']
2025-03-14 13:20:15 - Polyglot.py:112 - ****************Polyglot********************
2025-03-14 13:20:15 - Polyglot.py:113 - Polyglot_length: []
2025-03-14 13:20:15 - Polyglot.py:114 - Polyglot_keyword: ['0,1,2,3']
2025-03-14 13:20:15 - Polyglot.py:115 - Polyglot_separator: []
2025-03-14 13:20:15 - Polyglot.py:116 - ==Fixed Field: {'2,3', '0,1'}
2025-03-14 13:20:15 - Polyglot.py:117 - ==variables: []
2025-03-14 13:20:15 - Polyglot.py:118 - Polyglot Combined Message Format: ['0,1', '2,3']
2025-03-14 13:20:15 - Evelate.py:107 - 

+++++++++++++++++++++++ Msg 1 +++++++++++++++++++++++
2025-03-14 13:20:15 - Separator.py:376 - Intra-Instruction Analysis Syntax——Res:['0,1', '2,3']
2025-03-14 13:20:15 - Separator.py:476 - similarity_score:-1.0
2025-03-14 13:20:15 - Speculator.py:154 - 	--Curr Field:0,1
2025-03-14 13:20:15 - Speculator.py:154 - 	--Curr Field:2,3
2025-03-14 13:20:15 - Evelate.py:133 - add_field:
2025-03-14 13:20:15 - Evelate.py:133 - add_field:
2025-03-14 13:20:15 - Evelate.py:155 - payload_message: b'\x00\x03\x00\x01test'
2025-03-14 13:20:15 - Evelate.py:156 - fields: ['0,1', '2,3', '4,5,6,7']
2025-03-14 13:20:15 - Evelate.py:157 - boundaries: [-1, 1, 3, 7]
2025-03-14 13:20:15 - Evelate.py:158 - field_Types: {'0,1': ['Static'], '2,3': ['Static']}
2025-03-14 13:20:15 - Evelate.py:159 - field_Functions: {'0,1': [], '2,3': []}
2025-03-14 13:20:15 - Tupni.py:162 - ****************Tupni********************
2025-03-14 13:20:15 - Tupni.py:163 - Tupni_length: 
2025-03-14 13:20:15 - Tupni.py:164 - Tupni_checksum: 
2025-03-14 13:20:15 - Tupni.py:165 - ==Flat Field: ['0,1', '2,3', '4', '5', '6', '7']
2025-03-14 13:20:15 - Tupni.py:166 - Tupni_format: ['0,1', '2,3', '4', '5', '6', '7']
2025-03-14 13:20:15 - Polyglot.py:504 - Polyglot_Separator:[]
2025-03-14 13:20:15 - Polyglot.py:641 - fff
2025-03-14 13:20:15 - Polyglot.py:75 - end_index:3
2025-03-14 13:20:15 - Polyglot.py:76 - sizeofTaint:8
2025-03-14 13:20:15 - Polyglot.py:104 - merged_list:['2,3', '5', '6', '7', '0,1', '4']
2025-03-14 13:20:15 - Polyglot.py:112 - ****************Polyglot********************
2025-03-14 13:20:15 - Polyglot.py:113 - Polyglot_length: []
2025-03-14 13:20:15 - Polyglot.py:114 - Polyglot_keyword: ['0,1,2,3']
2025-03-14 13:20:15 - Polyglot.py:115 - Polyglot_separator: []
2025-03-14 13:20:15 - Polyglot.py:116 - ==Fixed Field: {'2,3', '0,1'}
2025-03-14 13:20:15 - Polyglot.py:117 - ==variables: []
2025-03-14 13:20:15 - Polyglot.py:118 - Polyglot Combined Message Format: ['0,1', '2,3', '4', '5', '6', '7']
2025-03-14 13:20:15 - Evelate.py:182 - Pre_message_Result:{'0,1': ['Static'], '2,3': ['Static', 'Bit Field']}
2025-03-14 13:20:15 - Corrector.py:321 - 


****************Start Corrector!!!*********************
2025-03-14 13:20:15 - Corrector.py:31 - candidates:[]
2025-03-14 13:20:15 - Corrector.py:104 - alignmentInCluster_avg:0
2025-03-14 13:20:15 - Corrector.py:105 - alignmentBetweenClusters_avg:0.25
2025-03-14 13:20:15 - Corrector.py:108 - ----- template_field b'\x00\x03'
2025-03-14 13:20:15 - Corrector.py:112 - template_field b'\x00\x03' is not in candidates
2025-03-14 13:20:15 - Corrector.py:104 - alignmentInCluster_avg:0.25
2025-03-14 13:20:15 - Corrector.py:105 - alignmentBetweenClusters_avg:0
2025-03-14 13:20:15 - Corrector.py:108 - ----- template_field b'\x00\x01'
2025-03-14 13:20:15 - Corrector.py:112 - template_field b'\x00\x01' is not in candidates
2025-03-14 13:20:15 - Corrector.py:114 - template_field b'\x00\x01' does not conform with the command
2025-03-14 13:20:15 - Corrector.py:333 - Command_field:0,1
2025-03-14 13:20:15 - Corrector.py:350 - ############# Cluster :b'\x00\x04' 
2025-03-14 13:20:15 - Corrector.py:162 - 	msg 0
2025-03-14 13:20:15 - Corrector.py:188 - fields_entropies:[0, -0.0]
2025-03-14 13:20:15 - Corrector.py:200 - f : 2,3, entro : -0.0
2025-03-14 13:20:15 - Corrector.py:350 - ############# Cluster :b'\x00\x03' 
2025-03-14 13:20:15 - Corrector.py:162 - 	msg 1
2025-03-14 13:20:15 - Corrector.py:188 - fields_entropies:[0, -0.0]
2025-03-14 13:20:15 - Corrector.py:200 - f : 2,3, entro : -0.0
2025-03-14 13:20:15 - Corrector.py:356 - 


2025-03-14 13:20:15 - Corrector.py:357 - payload_message: b'\x00\x04\x00\x01'
2025-03-14 13:20:15 - Corrector.py:358 - fields: ['0,1', '2,3']
2025-03-14 13:20:15 - Corrector.py:359 - boundaries: [-1, 1, 3]
2025-03-14 13:20:15 - Corrector.py:360 - field_Types: {'0,1': ['Group'], '2,3': ['Static', 'Bit Field']}
2025-03-14 13:20:15 - Corrector.py:361 - field_Functions: {'0,1': ['Command'], '2,3': []}
2025-03-14 13:20:15 - Corrector.py:356 - 


2025-03-14 13:20:15 - Corrector.py:357 - payload_message: b'\x00\x03\x00\x01test'
2025-03-14 13:20:15 - Corrector.py:358 - fields: ['0,1', '2,3', '4,5,6,7']
2025-03-14 13:20:15 - Corrector.py:359 - boundaries: [-1, 1, 3, 7]
2025-03-14 13:20:15 - Corrector.py:360 - field_Types: {'0,1': ['Group'], '2,3': ['Static'], '4,5,6,7': ['Static']}
2025-03-14 13:20:15 - Corrector.py:361 - field_Functions: {'0,1': ['Command'], '2,3': []}
2025-03-14 13:20:15 - Evelate.py:185 - message_Result:{'0,1': ['Group'], '2,3': ['Static', 'Bit Field']}
2025-03-14 13:20:15 - Evelate.py:186 - Pre_message_Result:{'0,1': ['Static'], '2,3': ['Static', 'Bit Field']}
2025-03-14 13:20:15 - Syntax_Evaluator.py:114 - 


Evaluation Part For BinPRE(no validation)---------------------------------
2025-03-14 13:20:15 - Syntax_Evaluator.py:143 - unused_boundaries:[]
2025-03-14 13:20:15 - Syntax_Evaluator.py:82 - ^^^^
msg_syntaxRes:{1, 3, -1}
2025-03-14 13:20:15 - Syntax_Evaluator.py:83 - msg_syntaxTruth:[-1, 1, 3]


2025-03-14 13:20:15 - Syntax_Evaluator.py:90 - field_boundary1:-1	field_boundary2:1
2025-03-14 13:20:15 - Syntax_Evaluator.py:90 - field_boundary1:1	field_boundary2:3
2025-03-14 13:20:15 - Syntax_Evaluator.py:171 - Msg 0 evaluation:***

2025-03-14 13:20:15 - Syntax_Evaluator.py:172 - msg_accr: 1.0, msg_pre:1.0, msg_rec:1.0, msg_perf:1.0

2025-03-14 13:20:15 - Syntax_Evaluator.py:173 - under_seg: 0, over_seg:0

2025-03-14 13:20:15 - Syntax_Evaluator.py:143 - unused_boundaries:[4, 5, 6]
2025-03-14 13:20:15 - Syntax_Evaluator.py:160 - tb:4
2025-03-14 13:20:15 - Syntax_Evaluator.py:160 - tb:5
2025-03-14 13:20:15 - Syntax_Evaluator.py:160 - tb:6
2025-03-14 13:20:15 - Syntax_Evaluator.py:82 - ^^^^
msg_syntaxRes:{1, 3, -1, 7}
2025-03-14 13:20:15 - Syntax_Evaluator.py:83 - msg_syntaxTruth:[-1, 1, 3, 7]


2025-03-14 13:20:15 - Syntax_Evaluator.py:90 - field_boundary1:-1	field_boundary2:1
2025-03-14 13:20:15 - Syntax_Evaluator.py:90 - field_boundary1:1	field_boundary2:3
2025-03-14 13:20:15 - Syntax_Evaluator.py:90 - field_boundary1:3	field_boundary2:7
2025-03-14 13:20:15 - Syntax_Evaluator.py:171 - Msg 1 evaluation:***

2025-03-14 13:20:15 - Syntax_Evaluator.py:172 - msg_accr: 1.0, msg_pre:1.0, msg_rec:1.0, msg_perf:1.0

2025-03-14 13:20:15 - Syntax_Evaluator.py:173 - under_seg: 0, over_seg:0

2025-03-14 13:20:15 - Syntax_Evaluator.py:192 - Average_Accr:1.0
2025-03-14 13:20:15 - Syntax_Evaluator.py:193 - Average_Pre:1.0
2025-03-14 13:20:15 - Syntax_Evaluator.py:194 - Average_Rec:1.0
2025-03-14 13:20:15 - Syntax_Evaluator.py:195 - F1-score:1.0
2025-03-14 13:20:15 - Syntax_Evaluator.py:196 - Average_Perf:1.0
2025-03-14 13:20:15 - Syntax_Evaluator.py:197 - ******************
2025-03-14 13:20:15 - Syntax_Evaluator.py:198 - Under_Seg:0
2025-03-14 13:20:15 - Syntax_Evaluator.py:199 - Over_Seg:0
2025-03-14 13:20:15 - Syntax_Evaluator.py:200 - handle_unused's Over_Seg:3

2025-03-14 13:20:15 - Syntax_Evaluator.py:201 - Error_Handled_Unused_Under_Seg:0

2025-03-14 13:20:15 - Syntax_Evaluator.py:205 - 


Evaluation Part For BinPRE---------------------------------

2025-03-14 13:20:15 - Syntax_Evaluator.py:206 - Average_Accr:1.0

2025-03-14 13:20:15 - Syntax_Evaluator.py:207 - Average_Pre:1.0

2025-03-14 13:20:15 - Syntax_Evaluator.py:208 - Average_Rec:1.0

2025-03-14 13:20:15 - Syntax_Evaluator.py:209 - F1_score:1.0

2025-03-14 13:20:15 - Syntax_Evaluator.py:210 - Average_Perf:1.0

2025-03-14 13:20:15 - Syntax_Evaluator.py:211 - ******************

2025-03-14 13:20:15 - Syntax_Evaluator.py:212 - Under_Seg:0

2025-03-14 13:20:15 - Syntax_Evaluator.py:213 - Over_Seg:0

2025-03-14 13:20:15 - Syntax_Evaluator.py:214 - handle_unused's Over_Seg:3

2025-03-14 13:20:15 - Syntax_Evaluator.py:215 - Error_Handled_Unused_Under_Seg:0

2025-03-14 13:20:15 - Semantic_Evaluator.py:93 - 


Semantic-Types Evaluation Part For BinPRE(no validation)---------------------------------
2025-03-14 13:20:15 - Semantic_Evaluator.py:138 - Msg 0 semantic evaluation:***

2025-03-14 13:20:15 - Semantic_Evaluator.py:139 - msg_semanticTruth:{'0,1': 'Group', '2,3': 'Bit Field'}
2025-03-14 13:20:15 - Semantic_Evaluator.py:140 - msg_semanticRes:{'0,1': ['Static'], '2,3': ['Static', 'Bit Field']}

2025-03-14 13:20:15 - Semantic_Evaluator.py:30 - correct_format_inferred_correct_semantic:1
2025-03-14 13:20:15 - Semantic_Evaluator.py:31 - 
correct_format_inferred_semantic:3
2025-03-14 13:20:15 - Semantic_Evaluator.py:32 - correct_format:2
2025-03-14 13:20:15 - Semantic_Evaluator.py:143 - msg_pre:0.3333333333333333, msg_rec:0.5

2025-03-14 13:20:15 - Semantic_Evaluator.py:138 - Msg 1 semantic evaluation:***

2025-03-14 13:20:15 - Semantic_Evaluator.py:139 - msg_semanticTruth:{'0,1': 'Group', '2,3': 'Bit Field', '4,5,6,7': 'String'}
2025-03-14 13:20:15 - Semantic_Evaluator.py:140 - msg_semanticRes:{'0,1': ['Static'], '2,3': ['Static']}

2025-03-14 13:20:15 - Semantic_Evaluator.py:30 - correct_format_inferred_correct_semantic:0
2025-03-14 13:20:15 - Semantic_Evaluator.py:31 - 
correct_format_inferred_semantic:2
2025-03-14 13:20:15 - Semantic_Evaluator.py:32 - correct_format:3
2025-03-14 13:20:15 - Semantic_Evaluator.py:143 - msg_pre:0, msg_rec:0

2025-03-14 13:20:15 - Semantic_Evaluator.py:201 - Average_Pre:0.16666666666666666
2025-03-14 13:20:15 - Semantic_Evaluator.py:202 - Average_Rec:0.25
2025-03-14 13:20:15 - Semantic_Evaluator.py:203 - F1_score:0.2
2025-03-14 13:20:15 - Semantic_Evaluator.py:284 - 

\Semantic-Type Evaluation Part For BinPRE(no validation)---------------------------------

2025-03-14 13:20:15 - Semantic_Evaluator.py:285 - no_Average_Pre:0.16666666666666666

2025-03-14 13:20:15 - Semantic_Evaluator.py:286 - no_Average_Rec:0.25

2025-03-14 13:20:15 - Semantic_Evaluator.py:287 - no_F1_score:0.2

2025-03-14 13:20:15 - Semantic_Evaluator.py:289 - 
no_static_Pre:0.0

2025-03-14 13:20:15 - Semantic_Evaluator.py:290 - no_static_Rec:0

2025-03-14 13:20:15 - Semantic_Evaluator.py:291 - no_static_F1:0

2025-03-14 13:20:15 - Semantic_Evaluator.py:292 - no_static_groudtruth:set()

2025-03-14 13:20:15 - Semantic_Evaluator.py:294 - 
no_integer_Pre:1.0

2025-03-14 13:20:15 - Semantic_Evaluator.py:295 - no_integer_Rec:0.5

2025-03-14 13:20:15 - Semantic_Evaluator.py:296 - no_integer_F1:0.6666666666666666

2025-03-14 13:20:15 - Semantic_Evaluator.py:297 - no_integer_groudtruth:{'2,3'}

2025-03-14 13:20:15 - Semantic_Evaluator.py:299 - 
no_group_Pre:0

2025-03-14 13:20:15 - Semantic_Evaluator.py:300 - no_group_Rec:0.0

2025-03-14 13:20:15 - Semantic_Evaluator.py:301 - no_group_F1:0

2025-03-14 13:20:15 - Semantic_Evaluator.py:302 - no_group_groudtruth:{'0,1'}

2025-03-14 13:20:15 - Semantic_Evaluator.py:304 - 
no_bytes_Pre:0

2025-03-14 13:20:15 - Semantic_Evaluator.py:305 - no_bytes_Rec:0

2025-03-14 13:20:15 - Semantic_Evaluator.py:306 - no_bytes_F1:0

2025-03-14 13:20:15 - Semantic_Evaluator.py:307 - no_bytes_groudtruth:set()

2025-03-14 13:20:15 - Semantic_Evaluator.py:309 - 
no_string_Pre:0

2025-03-14 13:20:15 - Semantic_Evaluator.py:310 - no_string_Rec:0.0

2025-03-14 13:20:15 - Semantic_Evaluator.py:311 - no_string_F1:0

2025-03-14 13:20:15 - Semantic_Evaluator.py:312 - no_string_groudtruth:{'4,5,6,7'}

2025-03-14 13:20:15 - Semantic_Evaluator.py:317 - 


Semantic-Types Evaluation Part For BinPRE(Validated)---------------------------------
2025-03-14 13:20:15 - Semantic_Evaluator.py:363 - Msg 0 semantic evaluation:***

2025-03-14 13:20:15 - Semantic_Evaluator.py:364 - msg_semanticTruth:{'0,1': 'Group', '2,3': 'Bit Field'}
2025-03-14 13:20:15 - Semantic_Evaluator.py:365 - msg_semanticRes:{'0,1': ['Group'], '2,3': ['Static', 'Bit Field']}

2025-03-14 13:20:15 - Semantic_Evaluator.py:30 - correct_format_inferred_correct_semantic:2
2025-03-14 13:20:15 - Semantic_Evaluator.py:31 - 
correct_format_inferred_semantic:3
2025-03-14 13:20:15 - Semantic_Evaluator.py:32 - correct_format:2
2025-03-14 13:20:15 - Semantic_Evaluator.py:368 - msg_pre:0.6666666666666666, msg_rec:1.0

2025-03-14 13:20:15 - Semantic_Evaluator.py:363 - Msg 1 semantic evaluation:***

2025-03-14 13:20:15 - Semantic_Evaluator.py:364 - msg_semanticTruth:{'0,1': 'Group', '2,3': 'Bit Field', '4,5,6,7': 'String'}
2025-03-14 13:20:15 - Semantic_Evaluator.py:365 - msg_semanticRes:{'0,1': ['Group'], '2,3': ['Static'], '4,5,6,7': ['Static']}

2025-03-14 13:20:15 - Semantic_Evaluator.py:30 - correct_format_inferred_correct_semantic:1
2025-03-14 13:20:15 - Semantic_Evaluator.py:31 - 
correct_format_inferred_semantic:3
2025-03-14 13:20:15 - Semantic_Evaluator.py:32 - correct_format:3
2025-03-14 13:20:15 - Semantic_Evaluator.py:368 - msg_pre:0.3333333333333333, msg_rec:0.3333333333333333

2025-03-14 13:20:15 - Semantic_Evaluator.py:498 - Average_Pre:0.5
2025-03-14 13:20:15 - Semantic_Evaluator.py:499 - Average_Rec:0.6666666666666666
2025-03-14 13:20:15 - Semantic_Evaluator.py:500 - F1_score:0.5714285714285715
2025-03-14 13:20:15 - Semantic_Evaluator.py:507 - 

\Semantic-Type Evaluation Part For BinPRE(Validated)---------------------------------

2025-03-14 13:20:15 - Semantic_Evaluator.py:508 - Average_Pre:0.5

2025-03-14 13:20:15 - Semantic_Evaluator.py:509 - Average_Rec:0.6666666666666666

2025-03-14 13:20:15 - Semantic_Evaluator.py:510 - F1_score:0.5714285714285715

2025-03-14 13:20:15 - Semantic_Evaluator.py:512 - 
static_Pre:0.0

2025-03-14 13:20:15 - Semantic_Evaluator.py:513 - static_Rec:0

2025-03-14 13:20:15 - Semantic_Evaluator.py:514 - static_F1:0

2025-03-14 13:20:15 - Semantic_Evaluator.py:515 - static_groudtruth:set()

2025-03-14 13:20:15 - Semantic_Evaluator.py:517 - 
integer_Pre:1.0

2025-03-14 13:20:15 - Semantic_Evaluator.py:518 - integer_Rec:0.5

2025-03-14 13:20:15 - Semantic_Evaluator.py:519 - integer_F1:0.6666666666666666

2025-03-14 13:20:15 - Semantic_Evaluator.py:520 - integer_groudtruth:{'2,3'}

2025-03-14 13:20:15 - Semantic_Evaluator.py:522 - 
group_Pre:1.0

2025-03-14 13:20:15 - Semantic_Evaluator.py:523 - group_Rec:1.0

2025-03-14 13:20:15 - Semantic_Evaluator.py:524 - group_F1:1.0

2025-03-14 13:20:15 - Semantic_Evaluator.py:525 - group_groudtruth:{'0,1'}

2025-03-14 13:20:15 - Semantic_Evaluator.py:527 - 
bytes_Pre:0

2025-03-14 13:20:15 - Semantic_Evaluator.py:528 - bytes_Rec:0

2025-03-14 13:20:15 - Semantic_Evaluator.py:529 - bytes_F1:0

2025-03-14 13:20:15 - Semantic_Evaluator.py:530 - bytes_groudtruth:set()

2025-03-14 13:20:15 - Semantic_Evaluator.py:532 - 
string_Pre:0

2025-03-14 13:20:15 - Semantic_Evaluator.py:533 - string_Rec:0.0

2025-03-14 13:20:15 - Semantic_Evaluator.py:534 - string_F1:0

2025-03-14 13:20:15 - Semantic_Evaluator.py:535 - string_groudtruth:{'4,5,6,7'}

2025-03-14 13:20:15 - Semantic_Evaluator.py:542 - 


Semantic-Functions Evaluation Part For BinPRE(no validation)---------------------------------
2025-03-14 13:20:15 - Semantic_Evaluator.py:593 - Msg 0 semantic evaluation:***

2025-03-14 13:20:15 - Semantic_Evaluator.py:594 - msg_semanticTruth:{'0,1': 'Command'}
2025-03-14 13:20:15 - Semantic_Evaluator.py:595 - msg_semanticRes:{'0,1': [], '2,3': ['Length']}

2025-03-14 13:20:15 - Semantic_Evaluator.py:65 - correct_format_inferred_correct_semantic:0
2025-03-14 13:20:15 - Semantic_Evaluator.py:66 - 
correct_format_inferred_semantic:1
2025-03-14 13:20:15 - Semantic_Evaluator.py:67 - correct_format:1
2025-03-14 13:20:15 - Semantic_Evaluator.py:598 - msg_pre:0, msg_rec:0.0

2025-03-14 13:20:15 - Semantic_Evaluator.py:603 - f:0,1, r:[]
2025-03-14 13:20:15 - Semantic_Evaluator.py:603 - f:2,3, r:['Length']
2025-03-14 13:20:15 - Semantic_Evaluator.py:593 - Msg 1 semantic evaluation:***

2025-03-14 13:20:15 - Semantic_Evaluator.py:594 - msg_semanticTruth:{'0,1': 'Command', '4,5,6,7': 'Filename'}
2025-03-14 13:20:15 - Semantic_Evaluator.py:595 - msg_semanticRes:{'0,1': [], '2,3': []}

2025-03-14 13:20:15 - Semantic_Evaluator.py:65 - correct_format_inferred_correct_semantic:0
2025-03-14 13:20:15 - Semantic_Evaluator.py:66 - 
correct_format_inferred_semantic:0
2025-03-14 13:20:15 - Semantic_Evaluator.py:67 - correct_format:2
2025-03-14 13:20:15 - Semantic_Evaluator.py:598 - msg_pre:0, msg_rec:0.0

2025-03-14 13:20:15 - Semantic_Evaluator.py:603 - f:0,1, r:[]
2025-03-14 13:20:15 - Semantic_Evaluator.py:603 - f:2,3, r:[]
2025-03-14 13:20:15 - Semantic_Evaluator.py:652 - Average_Pre:0.0
2025-03-14 13:20:15 - Semantic_Evaluator.py:653 - Average_Rec:0.0
2025-03-14 13:20:15 - Semantic_Evaluator.py:654 - F1_score:0
2025-03-14 13:20:15 - Semantic_Evaluator.py:735 - 

\Semantic-Function Evaluation Part For BinPRE(no validation)---------------------------------

2025-03-14 13:20:15 - Semantic_Evaluator.py:736 - Average_Pre:0.0

2025-03-14 13:20:15 - Semantic_Evaluator.py:737 - Average_Rec:0.0

2025-03-14 13:20:15 - Semantic_Evaluator.py:738 - F1_score:0


2025-03-14 13:20:15 - Semantic_Evaluator.py:739 - no_BinPRE_Command_pre:0

2025-03-14 13:20:15 - Semantic_Evaluator.py:740 - no_BinPRE_Command_rec:0.0

2025-03-14 13:20:15 - Semantic_Evaluator.py:741 - no_BinPRE_Command_F1:0


2025-03-14 13:20:15 - Semantic_Evaluator.py:742 - 

2025-03-14 13:20:15 - Semantic_Evaluator.py:743 - no_BinPRE_Command_pre:0

2025-03-14 13:20:15 - Semantic_Evaluator.py:744 - no_BinPRE_Command_rec:0.0

2025-03-14 13:20:15 - Semantic_Evaluator.py:745 - no_BinPRE_Command_F1:0

2025-03-14 13:20:15 - Semantic_Evaluator.py:746 - 
no_BinPRE_Length_pre:0.0

2025-03-14 13:20:15 - Semantic_Evaluator.py:747 - no_BinPRE_Length_rec:0.0

2025-03-14 13:20:15 - Semantic_Evaluator.py:748 - no_BinPRE_Length_F1:0

2025-03-14 13:20:15 - Semantic_Evaluator.py:749 - 
no_BinPRE_Delim_pre:0

2025-03-14 13:20:15 - Semantic_Evaluator.py:750 - no_BinPRE_Delim_rec:0

2025-03-14 13:20:15 - Semantic_Evaluator.py:751 - no_BinPRE_Delim_F1:0

2025-03-14 13:20:15 - Semantic_Evaluator.py:752 - no_delim_groudtruth:set()

2025-03-14 13:20:15 - Semantic_Evaluator.py:753 - 
no_BinPRE_aligned_pre:0

2025-03-14 13:20:15 - Semantic_Evaluator.py:754 - no_BinPRE_aligned_rec:0

2025-03-14 13:20:15 - Semantic_Evaluator.py:755 - no_BinPRE_aligned_F1:0

2025-03-14 13:20:15 - Semantic_Evaluator.py:756 - no_aligned_groudtruth:set()

2025-03-14 13:20:15 - Semantic_Evaluator.py:757 - 
no_BinPRE_filename_pre:0

2025-03-14 13:20:15 - Semantic_Evaluator.py:758 - no_BinPRE_filename_rec:0.0

2025-03-14 13:20:15 - Semantic_Evaluator.py:759 - no_BinPRE_filename_F1:0

2025-03-14 13:20:15 - Semantic_Evaluator.py:760 - no_filename_groudtruth:{'4,5,6,7'}

2025-03-14 13:20:15 - Semantic_Evaluator.py:762 - 


Semantic-Functions Evaluation Part For BinPRE(Validated)---------------------------------
2025-03-14 13:20:15 - Semantic_Evaluator.py:844 - Msg 0 semantic evaluation:***

2025-03-14 13:20:15 - Semantic_Evaluator.py:845 - msg_semanticTruth:{'0,1': 'Command'}
2025-03-14 13:20:15 - Semantic_Evaluator.py:846 - msg_semanticRes:{'0,1': ['Command'], '2,3': []}

2025-03-14 13:20:15 - Semantic_Evaluator.py:65 - correct_format_inferred_correct_semantic:1
2025-03-14 13:20:15 - Semantic_Evaluator.py:66 - 
correct_format_inferred_semantic:1
2025-03-14 13:20:15 - Semantic_Evaluator.py:67 - correct_format:1
2025-03-14 13:20:15 - Semantic_Evaluator.py:849 - msg_pre:1.0, msg_rec:1.0

2025-03-14 13:20:15 - Semantic_Evaluator.py:844 - Msg 1 semantic evaluation:***

2025-03-14 13:20:15 - Semantic_Evaluator.py:845 - msg_semanticTruth:{'0,1': 'Command', '4,5,6,7': 'Filename'}
2025-03-14 13:20:15 - Semantic_Evaluator.py:846 - msg_semanticRes:{'0,1': ['Command'], '2,3': []}

2025-03-14 13:20:15 - Semantic_Evaluator.py:65 - correct_format_inferred_correct_semantic:1
2025-03-14 13:20:15 - Semantic_Evaluator.py:66 - 
correct_format_inferred_semantic:1
2025-03-14 13:20:15 - Semantic_Evaluator.py:67 - correct_format:2
2025-03-14 13:20:15 - Semantic_Evaluator.py:849 - msg_pre:1.0, msg_rec:0.5

2025-03-14 13:20:15 - Semantic_Evaluator.py:863 - Average_Pre:1.0
2025-03-14 13:20:15 - Semantic_Evaluator.py:864 - Average_Rec:0.75
2025-03-14 13:20:15 - Semantic_Evaluator.py:865 - F1_score:0.8571428571428571
2025-03-14 13:20:15 - Semantic_Evaluator.py:930 - BinPRE_Command_pre:1.0
2025-03-14 13:20:15 - Semantic_Evaluator.py:931 - BinPRE_Command_rec:1.0
2025-03-14 13:20:15 - Semantic_Evaluator.py:932 - BinPRE_Length_pre:0
2025-03-14 13:20:15 - Semantic_Evaluator.py:933 - BinPRE_Length_rec:0.0
2025-03-14 13:20:15 - Semantic_Evaluator.py:936 - 

\Semantic-Function Evaluation Part For BinPRE(Validated)---------------------------------

2025-03-14 13:20:15 - Semantic_Evaluator.py:937 - Average_Pre:1.0

2025-03-14 13:20:15 - Semantic_Evaluator.py:938 - Average_Rec:0.75

2025-03-14 13:20:15 - Semantic_Evaluator.py:939 - F1_score:0.8571428571428571

2025-03-14 13:20:15 - Semantic_Evaluator.py:940 - 

2025-03-14 13:20:15 - Semantic_Evaluator.py:941 - BinPRE_Command_pre:1.0

2025-03-14 13:20:15 - Semantic_Evaluator.py:942 - BinPRE_Command_rec:1.0

2025-03-14 13:20:15 - Semantic_Evaluator.py:943 - BinPRE_Command_F1:1.0

2025-03-14 13:20:15 - Semantic_Evaluator.py:944 - 
BinPRE_Length_pre:0

2025-03-14 13:20:15 - Semantic_Evaluator.py:945 - BinPRE_Length_rec:0.0

2025-03-14 13:20:15 - Semantic_Evaluator.py:946 - BinPRE_Length_F1:0

2025-03-14 13:20:15 - Semantic_Evaluator.py:947 - 
BinPRE_Delim_pre:0

2025-03-14 13:20:15 - Semantic_Evaluator.py:948 - BinPRE_Delim_rec:0

2025-03-14 13:20:15 - Semantic_Evaluator.py:949 - BinPRE_Delim_F1:0

2025-03-14 13:20:15 - Semantic_Evaluator.py:950 - delim_groudtruth:set()

2025-03-14 13:20:15 - Semantic_Evaluator.py:951 - 
BinPRE_aligned_pre:0

2025-03-14 13:20:15 - Semantic_Evaluator.py:952 - BinPRE_aligned_rec:0

2025-03-14 13:20:15 - Semantic_Evaluator.py:953 - BinPRE_aligned_F1:0

2025-03-14 13:20:15 - Semantic_Evaluator.py:954 - aligned_groudtruth:set()

2025-03-14 13:20:15 - Semantic_Evaluator.py:955 - 
BinPRE_filename_pre:0

2025-03-14 13:20:15 - Semantic_Evaluator.py:956 - BinPRE_filename_rec:0.0

2025-03-14 13:20:15 - Semantic_Evaluator.py:957 - BinPRE_filename_F1:0

2025-03-14 13:20:15 - Semantic_Evaluator.py:958 - filename_groudtruth:{'4,5,6,7'}

2025-03-14 13:20:15 - Evelate.py:195 - 


********* [Summary-tftp]: BinPRE Format Extraction *********
2025-03-14 13:20:15 - Evelate.py:196 - Average_Accr:1.0
2025-03-14 13:20:15 - Evelate.py:199 - F1-score:1.0
2025-03-14 13:20:15 - Evelate.py:200 - Average_Perf:1.0
2025-03-14 13:20:15 - Evelate.py:201 - 
-----------------
2025-03-14 13:20:15 - Evelate.py:203 - 
********* [Summary-tftp]: BinPRE(no refine) Semantic-Types Inference *********
2025-03-14 13:20:15 - Evelate.py:204 - Average_Pre:0.16666666666666666
2025-03-14 13:20:15 - Evelate.py:205 - Average_Rec:0.25
2025-03-14 13:20:15 - Evelate.py:206 - F1_score:0.2
2025-03-14 13:20:15 - Evelate.py:209 - 
********* [Summary-tftp]: BinPRE#(refinement) Semantic-Types Inference *********
2025-03-14 13:20:15 - Evelate.py:210 - Average_Pre:0.5
2025-03-14 13:20:15 - Evelate.py:211 - Average_Rec:0.6666666666666666
2025-03-14 13:20:15 - Evelate.py:212 - F1_score:0.5714285714285715
2025-03-14 13:20:15 - Evelate.py:214 - 
-----------------
2025-03-14 13:20:15 - Evelate.py:216 - 
********* [Summary-tftp]: BinPRE(no refine) Semantic-Functions Inference *********
2025-03-14 13:20:15 - Evelate.py:217 - Average_Pre:0.0
2025-03-14 13:20:15 - Evelate.py:218 - Average_Rec:0.0
2025-03-14 13:20:15 - Evelate.py:219 - F1_score:0
2025-03-14 13:20:15 - Evelate.py:221 - 
********* [Summary-tftp]: BinPRE#(refinement) Semantic-Functions Inference *********
2025-03-14 13:20:15 - Evelate.py:222 - Average_Pre:1.0
2025-03-14 13:20:15 - Evelate.py:223 - Average_Rec:0.75
2025-03-14 13:20:15 - Evelate.py:224 - F1_score:0.8571428571428571
2025-03-14 13:20:15 - Syntax_Evaluator.py:221 - 


Evaluation Part for Polyglot---------------------------------
2025-03-14 13:20:15 - Syntax_Evaluator.py:82 - ^^^^
msg_syntaxRes:{1, 3, -1}
2025-03-14 13:20:15 - Syntax_Evaluator.py:83 - msg_syntaxTruth:[-1, 1, 3]


2025-03-14 13:20:15 - Syntax_Evaluator.py:90 - field_boundary1:-1	field_boundary2:1
2025-03-14 13:20:15 - Syntax_Evaluator.py:90 - field_boundary1:1	field_boundary2:3
2025-03-14 13:20:15 - Syntax_Evaluator.py:241 - Msg 0 evaluation:***

2025-03-14 13:20:15 - Syntax_Evaluator.py:242 - msg_accr: 1.0, msg_pre:1.0, msg_rec:1.0

2025-03-14 13:20:15 - Syntax_Evaluator.py:243 - under_seg: 0, over_seg:0

2025-03-14 13:20:15 - Syntax_Evaluator.py:82 - ^^^^
msg_syntaxRes:{1, 3, 4, 5, 6, 7, -1}
2025-03-14 13:20:15 - Syntax_Evaluator.py:83 - msg_syntaxTruth:[-1, 1, 3, 7]


2025-03-14 13:20:15 - Syntax_Evaluator.py:90 - field_boundary1:-1	field_boundary2:1
2025-03-14 13:20:15 - Syntax_Evaluator.py:90 - field_boundary1:1	field_boundary2:3
2025-03-14 13:20:15 - Syntax_Evaluator.py:90 - field_boundary1:3	field_boundary2:7
2025-03-14 13:20:15 - Syntax_Evaluator.py:241 - Msg 1 evaluation:***

2025-03-14 13:20:15 - Syntax_Evaluator.py:242 - msg_accr: 0.6666666666666666, msg_pre:0.5714285714285714, msg_rec:1.0

2025-03-14 13:20:15 - Syntax_Evaluator.py:243 - under_seg: 0, over_seg:3

2025-03-14 13:20:15 - Syntax_Evaluator.py:260 - Average_Accr:0.8333333333333333
2025-03-14 13:20:15 - Syntax_Evaluator.py:261 - Average_Pre:0.7857142857142857
2025-03-14 13:20:15 - Syntax_Evaluator.py:262 - Average_Rec:1.0
2025-03-14 13:20:15 - Syntax_Evaluator.py:263 - F1-score:0.88
2025-03-14 13:20:15 - Syntax_Evaluator.py:264 - Average_Perf:0.8333333333333333
2025-03-14 13:20:15 - Syntax_Evaluator.py:265 - ******************
2025-03-14 13:20:15 - Syntax_Evaluator.py:266 - Under_Seg:0
2025-03-14 13:20:15 - Syntax_Evaluator.py:267 - Over_Seg:3
2025-03-14 13:20:15 - Syntax_Evaluator.py:270 - 


Evaluation Part For Polyglot_Syntax---------------------------------

2025-03-14 13:20:15 - Syntax_Evaluator.py:271 - Average_Accr:0.8333333333333333

2025-03-14 13:20:15 - Syntax_Evaluator.py:272 - Average_Pre:0.7857142857142857

2025-03-14 13:20:15 - Syntax_Evaluator.py:273 - Average_Rec:1.0

2025-03-14 13:20:15 - Syntax_Evaluator.py:274 - F1_score:0.88

2025-03-14 13:20:15 - Syntax_Evaluator.py:275 - Average_Perf:0.8333333333333333

2025-03-14 13:20:15 - Syntax_Evaluator.py:276 - ******************

2025-03-14 13:20:15 - Syntax_Evaluator.py:277 - Under_Seg:0

2025-03-14 13:20:15 - Syntax_Evaluator.py:278 - Over_Seg:3

2025-03-14 13:20:15 - Syntax_Evaluator.py:284 - 


Evaluation Part For AutoFormat---------------------------------
2025-03-14 13:20:15 - Syntax_Evaluator.py:293 - msg_len:4
2025-03-14 13:20:15 - Syntax_Evaluator.py:82 - ^^^^
msg_syntaxRes:{1, 3, -1}
2025-03-14 13:20:15 - Syntax_Evaluator.py:83 - msg_syntaxTruth:[-1, 1, 3]


2025-03-14 13:20:15 - Syntax_Evaluator.py:90 - field_boundary1:-1	field_boundary2:1
2025-03-14 13:20:15 - Syntax_Evaluator.py:90 - field_boundary1:1	field_boundary2:3
2025-03-14 13:20:15 - Syntax_Evaluator.py:307 - Msg 0 evaluation:***

2025-03-14 13:20:15 - Syntax_Evaluator.py:308 - msg_accr: 1.0, msg_pre:1.0, msg_rec:1.0

2025-03-14 13:20:15 - Syntax_Evaluator.py:309 - under_seg: 0, over_seg:0

2025-03-14 13:20:15 - Syntax_Evaluator.py:293 - msg_len:8
2025-03-14 13:20:15 - Syntax_Evaluator.py:82 - ^^^^
msg_syntaxRes:{1, 3, 4, 5, 6, 7, -1}
2025-03-14 13:20:15 - Syntax_Evaluator.py:83 - msg_syntaxTruth:[-1, 1, 3, 7]


2025-03-14 13:20:15 - Syntax_Evaluator.py:90 - field_boundary1:-1	field_boundary2:1
2025-03-14 13:20:15 - Syntax_Evaluator.py:90 - field_boundary1:1	field_boundary2:3
2025-03-14 13:20:15 - Syntax_Evaluator.py:90 - field_boundary1:3	field_boundary2:7
2025-03-14 13:20:15 - Syntax_Evaluator.py:307 - Msg 1 evaluation:***

2025-03-14 13:20:15 - Syntax_Evaluator.py:308 - msg_accr: 0.6666666666666666, msg_pre:0.5714285714285714, msg_rec:1.0

2025-03-14 13:20:15 - Syntax_Evaluator.py:309 - under_seg: 0, over_seg:3

2025-03-14 13:20:15 - Syntax_Evaluator.py:326 - Average_Accr:0.8333333333333333
2025-03-14 13:20:15 - Syntax_Evaluator.py:327 - Average_Pre:0.7857142857142857
2025-03-14 13:20:15 - Syntax_Evaluator.py:328 - Average_Rec:1.0
2025-03-14 13:20:15 - Syntax_Evaluator.py:329 - F1-score:0.88
2025-03-14 13:20:15 - Syntax_Evaluator.py:330 - Average_Perf:0.8333333333333333
2025-03-14 13:20:15 - Syntax_Evaluator.py:331 - ******************
2025-03-14 13:20:15 - Syntax_Evaluator.py:332 - Under_Seg:0
2025-03-14 13:20:15 - Syntax_Evaluator.py:333 - Over_Seg:3
2025-03-14 13:20:15 - Syntax_Evaluator.py:336 - 


Evaluation Part For AutoFormat_Syntax---------------------------------

2025-03-14 13:20:15 - Syntax_Evaluator.py:337 - Average_Accr:0.8333333333333333

2025-03-14 13:20:15 - Syntax_Evaluator.py:338 - Average_Pre:0.7857142857142857

2025-03-14 13:20:15 - Syntax_Evaluator.py:339 - Average_Rec:1.0

2025-03-14 13:20:15 - Syntax_Evaluator.py:340 - F1_score:0.88

2025-03-14 13:20:15 - Syntax_Evaluator.py:341 - Average_Perf:0.8333333333333333

2025-03-14 13:20:15 - Syntax_Evaluator.py:342 - ******************

2025-03-14 13:20:15 - Syntax_Evaluator.py:343 - Under_Seg:0

2025-03-14 13:20:15 - Syntax_Evaluator.py:344 - Over_Seg:3

2025-03-14 13:20:15 - Syntax_Evaluator.py:350 - 


Evaluation Part for Tupni---------------------------------
2025-03-14 13:20:15 - Syntax_Evaluator.py:82 - ^^^^
msg_syntaxRes:{1, 3, -1}
2025-03-14 13:20:15 - Syntax_Evaluator.py:83 - msg_syntaxTruth:[-1, 1, 3]


2025-03-14 13:20:15 - Syntax_Evaluator.py:90 - field_boundary1:-1	field_boundary2:1
2025-03-14 13:20:15 - Syntax_Evaluator.py:90 - field_boundary1:1	field_boundary2:3
2025-03-14 13:20:15 - Syntax_Evaluator.py:369 - Msg 0 evaluation:***

2025-03-14 13:20:15 - Syntax_Evaluator.py:370 - msg_accr: 1.0, msg_pre:1.0, msg_rec:1.0

2025-03-14 13:20:15 - Syntax_Evaluator.py:371 - under_seg: 0, over_seg:0

2025-03-14 13:20:15 - Syntax_Evaluator.py:82 - ^^^^
msg_syntaxRes:{1, 3, 4, 5, 6, 7, -1}
2025-03-14 13:20:15 - Syntax_Evaluator.py:83 - msg_syntaxTruth:[-1, 1, 3, 7]


2025-03-14 13:20:15 - Syntax_Evaluator.py:90 - field_boundary1:-1	field_boundary2:1
2025-03-14 13:20:15 - Syntax_Evaluator.py:90 - field_boundary1:1	field_boundary2:3
2025-03-14 13:20:15 - Syntax_Evaluator.py:90 - field_boundary1:3	field_boundary2:7
2025-03-14 13:20:15 - Syntax_Evaluator.py:369 - Msg 1 evaluation:***

2025-03-14 13:20:15 - Syntax_Evaluator.py:370 - msg_accr: 0.6666666666666666, msg_pre:0.5714285714285714, msg_rec:1.0

2025-03-14 13:20:15 - Syntax_Evaluator.py:371 - under_seg: 0, over_seg:3

2025-03-14 13:20:15 - Syntax_Evaluator.py:388 - Average_Accr:0.8333333333333333
2025-03-14 13:20:15 - Syntax_Evaluator.py:389 - Average_Pre:0.7857142857142857
2025-03-14 13:20:15 - Syntax_Evaluator.py:390 - Average_Rec:1.0
2025-03-14 13:20:15 - Syntax_Evaluator.py:391 - F1-score:0.88
2025-03-14 13:20:15 - Syntax_Evaluator.py:392 - Average_Perf:0.8333333333333333
2025-03-14 13:20:15 - Syntax_Evaluator.py:393 - ******************
2025-03-14 13:20:15 - Syntax_Evaluator.py:394 - Under_Seg:0
2025-03-14 13:20:15 - Syntax_Evaluator.py:395 - Over_Seg:3
2025-03-14 13:20:15 - Syntax_Evaluator.py:398 - 


Evaluation Part For Tupni_Syntax---------------------------------

2025-03-14 13:20:15 - Syntax_Evaluator.py:399 - Average_Accr:0.8333333333333333

2025-03-14 13:20:15 - Syntax_Evaluator.py:400 - Average_Pre:0.7857142857142857

2025-03-14 13:20:15 - Syntax_Evaluator.py:401 - Average_Rec:1.0

2025-03-14 13:20:15 - Syntax_Evaluator.py:402 - F1_score:0.88

2025-03-14 13:20:15 - Syntax_Evaluator.py:403 - Average_Perf:0.8333333333333333

2025-03-14 13:20:15 - Syntax_Evaluator.py:404 - ******************

2025-03-14 13:20:15 - Syntax_Evaluator.py:405 - Under_Seg:0

2025-03-14 13:20:15 - Syntax_Evaluator.py:406 - Over_Seg:3

2025-03-14 13:20:15 - Evelate.py:41 - 


	########## Msg 0 ########## 

2025-03-14 13:20:15 - Evelate.py:42 - Application Layer Data:b'\x00\x04\x00\x01'

2025-03-14 13:20:15 - Evelate.py:43 - 
Polyglot Syntax----------------------

2025-03-14 13:20:15 - Evelate.py:44 - ['0,1', '2,3']

2025-03-14 13:20:15 - Evelate.py:45 - 	Polyglot Command:['0,1,2,3']

2025-03-14 13:20:15 - Evelate.py:46 - 	Polyglot Length:[]

2025-03-14 13:20:15 - Evelate.py:49 - 
AutoFormat Syntax----------------------

2025-03-14 13:20:15 - Evelate.py:50 - {1, 3, -1}

2025-03-14 13:20:15 - Evelate.py:52 - 
Tupni Syntax----------------------

2025-03-14 13:20:15 - Evelate.py:53 - ['0,1', '2,3']

2025-03-14 13:20:15 - Evelate.py:41 - 


	########## Msg 1 ########## 

2025-03-14 13:20:15 - Evelate.py:42 - Application Layer Data:b'\x00\x03\x00\x01test'

2025-03-14 13:20:15 - Evelate.py:43 - 
Polyglot Syntax----------------------

2025-03-14 13:20:15 - Evelate.py:44 - ['0,1', '2,3', '4', '5', '6', '7']

2025-03-14 13:20:15 - Evelate.py:45 - 	Polyglot Command:['0,1,2,3']

2025-03-14 13:20:15 - Evelate.py:46 - 	Polyglot Length:[]

2025-03-14 13:20:15 - Evelate.py:49 - 
AutoFormat Syntax----------------------

2025-03-14 13:20:15 - Evelate.py:50 - {1, 3, 4, 5, 6, 7, -1}

2025-03-14 13:20:15 - Evelate.py:52 - 
Tupni Syntax----------------------

2025-03-14 13:20:15 - Evelate.py:53 - ['0,1', '2,3', '4', '5', '6', '7']

2025-03-14 13:20:15 - Semantic_Evaluator.py:973 - 


Semantic Evaluation Part For Polyglot---------------------------------
2025-03-14 13:20:15 - Semantic_Evaluator.py:1047 - 


Polyglot_Command_pre:0.0

2025-03-14 13:20:15 - Semantic_Evaluator.py:1048 - Polyglot_Command_rec:0.0

2025-03-14 13:20:15 - Semantic_Evaluator.py:1049 - Polyglot_Command_F1:0

2025-03-14 13:20:15 - Semantic_Evaluator.py:1051 - 

Polyglot_Tupni_Length_pre:0

2025-03-14 13:20:15 - Semantic_Evaluator.py:1052 - Polyglot_Tupni_Length_rec:0.0

2025-03-14 13:20:15 - Semantic_Evaluator.py:1053 - Polyglot_Tupni_Length_F1:0

2025-03-14 13:20:15 - Semantic_Evaluator.py:1055 - 
\Polyglot_Delim_pre:0

2025-03-14 13:20:15 - Semantic_Evaluator.py:1056 - Polyglot_Delim_rec:0

2025-03-14 13:20:15 - Semantic_Evaluator.py:1057 - Polyglot_Delim_F1:0

2025-03-14 13:20:15 - Evelate.py:255 - 

+++++++++++++++++++++++ Msg 0 +++++++++++++++++++++++
2025-03-14 13:20:15 - Evelate.py:316 - add_field:
2025-03-14 13:20:15 - Evelate.py:316 - add_field:
2025-03-14 13:20:15 - Evelate.py:338 - payload_message: b'\x00\x04\x00\x01'
2025-03-14 13:20:15 - Evelate.py:339 - fields: ['0,1', '2,3']
2025-03-14 13:20:15 - Evelate.py:340 - boundaries: [-1, 1, 3]
2025-03-14 13:20:15 - Evelate.py:341 - field_Types: {'0,1': ['int'], '2,3': ['int']}
2025-03-14 13:20:15 - Evelate.py:342 - field_Functions: {'0,1': ['opcode'], '2,3': ['block number']}
2025-03-14 13:20:15 - Evelate.py:255 - 

+++++++++++++++++++++++ Msg 1 +++++++++++++++++++++++
2025-03-14 13:20:15 - Evelate.py:316 - add_field:
2025-03-14 13:20:15 - Evelate.py:316 - add_field:
2025-03-14 13:20:15 - Evelate.py:338 - payload_message: b'\x00\x03\x00\x01test'
2025-03-14 13:20:15 - Evelate.py:339 - fields: ['0,1', '2,3', '4,5,6,7']
2025-03-14 13:20:15 - Evelate.py:340 - boundaries: [-1, 1, 3, 7]
2025-03-14 13:20:15 - Evelate.py:341 - field_Types: {'0,1': ['int'], '2,3': ['Bit Field']}
2025-03-14 13:20:15 - Evelate.py:342 - field_Functions: {'0,1': ['opcode'], '2,3': ['Length']}
2025-03-14 13:20:15 - Evelate.py:348 - Pre_message_Result:{'0,1': ['int'], '2,3': ['int']}
2025-03-14 13:20:15 - Corrector.py:321 - 


****************Start Corrector!!!*********************
2025-03-14 13:20:15 - Corrector.py:31 - candidates:[]
2025-03-14 13:20:15 - Corrector.py:104 - alignmentInCluster_avg:0
2025-03-14 13:20:15 - Corrector.py:105 - alignmentBetweenClusters_avg:0.25
2025-03-14 13:20:15 - Corrector.py:108 - ----- template_field b'\x00\x03'
2025-03-14 13:20:15 - Corrector.py:112 - template_field b'\x00\x03' is not in candidates
2025-03-14 13:20:15 - Corrector.py:104 - alignmentInCluster_avg:0.25
2025-03-14 13:20:15 - Corrector.py:105 - alignmentBetweenClusters_avg:0
2025-03-14 13:20:15 - Corrector.py:108 - ----- template_field b'\x00\x01'
2025-03-14 13:20:15 - Corrector.py:112 - template_field b'\x00\x01' is not in candidates
2025-03-14 13:20:15 - Corrector.py:114 - template_field b'\x00\x01' does not conform with the command
2025-03-14 13:20:15 - Corrector.py:333 - Command_field:0,1
2025-03-14 13:20:15 - Corrector.py:350 - ############# Cluster :b'\x00\x04' 
2025-03-14 13:20:15 - Corrector.py:162 - 	msg 0
2025-03-14 13:20:15 - Corrector.py:188 - fields_entropies:[0, -0.0]
2025-03-14 13:20:15 - Corrector.py:200 - f : 2,3, entro : -0.0
2025-03-14 13:20:15 - Corrector.py:350 - ############# Cluster :b'\x00\x03' 
2025-03-14 13:20:15 - Corrector.py:162 - 	msg 1
2025-03-14 13:20:15 - Corrector.py:188 - fields_entropies:[0, -0.0]
2025-03-14 13:20:15 - Corrector.py:200 - f : 2,3, entro : -0.0
2025-03-14 13:20:15 - Corrector.py:356 - 


2025-03-14 13:20:15 - Corrector.py:357 - payload_message: b'\x00\x04\x00\x01'
2025-03-14 13:20:15 - Corrector.py:358 - fields: ['0,1', '2,3']
2025-03-14 13:20:15 - Corrector.py:359 - boundaries: [-1, 1, 3]
2025-03-14 13:20:15 - Corrector.py:360 - field_Types: {'0,1': ['Group'], '2,3': ['int']}
2025-03-14 13:20:15 - Corrector.py:361 - field_Functions: {'0,1': ['Command'], '2,3': ['block number']}
2025-03-14 13:20:15 - Corrector.py:356 - 


2025-03-14 13:20:15 - Corrector.py:357 - payload_message: b'\x00\x03\x00\x01test'
2025-03-14 13:20:15 - Corrector.py:358 - fields: ['0,1', '2,3', '4,5,6,7']
2025-03-14 13:20:15 - Corrector.py:359 - boundaries: [-1, 1, 3, 7]
2025-03-14 13:20:15 - Corrector.py:360 - field_Types: {'0,1': ['Group'], '2,3': ['Bit Field'], '4,5,6,7': ['Static']}
2025-03-14 13:20:15 - Corrector.py:361 - field_Functions: {'0,1': ['Command'], '2,3': []}
2025-03-14 13:20:15 - Evelate.py:351 - message_Result:{'0,1': ['Group'], '2,3': ['int']}
2025-03-14 13:20:15 - Evelate.py:352 - Pre_message_Result:{'0,1': ['int'], '2,3': ['int']}
2025-03-14 13:20:15 - Syntax_Evaluator.py:409 - 


Evaluation Part For ChatPRE---------------------------------
2025-03-14 13:20:15 - Syntax_Evaluator.py:438 - unused_boundaries:[]
2025-03-14 13:20:15 - Syntax_Evaluator.py:82 - ^^^^
msg_syntaxRes:{1, 3, -1}
2025-03-14 13:20:15 - Syntax_Evaluator.py:83 - msg_syntaxTruth:[-1, 1, 3]


2025-03-14 13:20:15 - Syntax_Evaluator.py:90 - field_boundary1:-1	field_boundary2:1
2025-03-14 13:20:15 - Syntax_Evaluator.py:90 - field_boundary1:1	field_boundary2:3
2025-03-14 13:20:15 - Syntax_Evaluator.py:466 - Msg 0 evaluation:***

2025-03-14 13:20:15 - Syntax_Evaluator.py:467 - msg_accr: 1.0, msg_pre:1.0, msg_rec:1.0, msg_perf:1.0

2025-03-14 13:20:15 - Syntax_Evaluator.py:468 - under_seg: 0, over_seg:0

2025-03-14 13:20:15 - Syntax_Evaluator.py:438 - unused_boundaries:[]
2025-03-14 13:20:15 - Syntax_Evaluator.py:82 - ^^^^
msg_syntaxRes:{1, 3, -1, 7}
2025-03-14 13:20:15 - Syntax_Evaluator.py:83 - msg_syntaxTruth:[-1, 1, 3, 7]


2025-03-14 13:20:15 - Syntax_Evaluator.py:90 - field_boundary1:-1	field_boundary2:1
2025-03-14 13:20:15 - Syntax_Evaluator.py:90 - field_boundary1:1	field_boundary2:3
2025-03-14 13:20:15 - Syntax_Evaluator.py:90 - field_boundary1:3	field_boundary2:7
2025-03-14 13:20:15 - Syntax_Evaluator.py:466 - Msg 1 evaluation:***

2025-03-14 13:20:15 - Syntax_Evaluator.py:467 - msg_accr: 1.0, msg_pre:1.0, msg_rec:1.0, msg_perf:1.0

2025-03-14 13:20:15 - Syntax_Evaluator.py:468 - under_seg: 0, over_seg:0

2025-03-14 13:20:15 - Syntax_Evaluator.py:487 - Average_Accr:1.0
2025-03-14 13:20:15 - Syntax_Evaluator.py:488 - Average_Pre:1.0
2025-03-14 13:20:15 - Syntax_Evaluator.py:489 - Average_Rec:1.0
2025-03-14 13:20:15 - Syntax_Evaluator.py:490 - F1-score:1.0
2025-03-14 13:20:15 - Syntax_Evaluator.py:491 - Average_Perf:1.0
2025-03-14 13:20:15 - Syntax_Evaluator.py:492 - ******************
2025-03-14 13:20:15 - Syntax_Evaluator.py:493 - Under_Seg:0
2025-03-14 13:20:15 - Syntax_Evaluator.py:494 - Over_Seg:0
2025-03-14 13:20:15 - Syntax_Evaluator.py:495 - handle_unused's Over_Seg:0

2025-03-14 13:20:15 - Syntax_Evaluator.py:496 - Error_Handled_Unused_Under_Seg:0

2025-03-14 13:20:15 - Semantic_Evaluator.py:1061 - 


Semantic-Types Evaluation Part For ChatPre(no validation)---------------------------------
2025-03-14 13:20:15 - Semantic_Evaluator.py:1106 - Msg 0 semantic evaluation:***

2025-03-14 13:20:15 - Semantic_Evaluator.py:1107 - msg_semanticTruth:{'0,1': 'Group', '2,3': 'Bit Field'}
2025-03-14 13:20:15 - Semantic_Evaluator.py:1108 - msg_semanticRes:{'0,1': ['int'], '2,3': ['int']}

2025-03-14 13:20:15 - Semantic_Evaluator.py:30 - correct_format_inferred_correct_semantic:0
2025-03-14 13:20:15 - Semantic_Evaluator.py:31 - 
correct_format_inferred_semantic:2
2025-03-14 13:20:15 - Semantic_Evaluator.py:32 - correct_format:2
2025-03-14 13:20:15 - Semantic_Evaluator.py:1111 - msg_pre:0, msg_rec:0

2025-03-14 13:20:15 - Semantic_Evaluator.py:1106 - Msg 1 semantic evaluation:***

2025-03-14 13:20:15 - Semantic_Evaluator.py:1107 - msg_semanticTruth:{'0,1': 'Group', '2,3': 'Bit Field', '4,5,6,7': 'String'}
2025-03-14 13:20:15 - Semantic_Evaluator.py:1108 - msg_semanticRes:{'0,1': ['int'], '2,3': ['Bit Field']}

2025-03-14 13:20:15 - Semantic_Evaluator.py:30 - correct_format_inferred_correct_semantic:1
2025-03-14 13:20:15 - Semantic_Evaluator.py:31 - 
correct_format_inferred_semantic:2
2025-03-14 13:20:15 - Semantic_Evaluator.py:32 - correct_format:3
2025-03-14 13:20:15 - Semantic_Evaluator.py:1111 - msg_pre:0.5, msg_rec:0.3333333333333333

2025-03-14 13:20:15 - Semantic_Evaluator.py:1169 - Average_Pre:0.25
2025-03-14 13:20:15 - Semantic_Evaluator.py:1170 - Average_Rec:0.16666666666666666
2025-03-14 13:20:15 - Semantic_Evaluator.py:1171 - F1_score:0.2
2025-03-14 13:20:15 - Semantic_Evaluator.py:1252 - 

\Semantic-Type Evaluation Part For ChatPre(no validation)---------------------------------

2025-03-14 13:20:15 - Semantic_Evaluator.py:1253 - no_Average_Pre:0.25

2025-03-14 13:20:15 - Semantic_Evaluator.py:1254 - no_Average_Rec:0.16666666666666666

2025-03-14 13:20:15 - Semantic_Evaluator.py:1255 - no_F1_score:0.2

2025-03-14 13:20:15 - Semantic_Evaluator.py:1257 - 
no_static_Pre:0

2025-03-14 13:20:15 - Semantic_Evaluator.py:1258 - no_static_Rec:0

2025-03-14 13:20:15 - Semantic_Evaluator.py:1259 - no_static_F1:0

2025-03-14 13:20:15 - Semantic_Evaluator.py:1260 - no_static_groudtruth:set()

2025-03-14 13:20:15 - Semantic_Evaluator.py:1262 - 
no_integer_Pre:1.0

2025-03-14 13:20:15 - Semantic_Evaluator.py:1263 - no_integer_Rec:0.5

2025-03-14 13:20:15 - Semantic_Evaluator.py:1264 - no_integer_F1:0.6666666666666666

2025-03-14 13:20:15 - Semantic_Evaluator.py:1265 - no_integer_groudtruth:{'2,3'}

2025-03-14 13:20:15 - Semantic_Evaluator.py:1267 - 
no_group_Pre:0

2025-03-14 13:20:15 - Semantic_Evaluator.py:1268 - no_group_Rec:0.0

2025-03-14 13:20:15 - Semantic_Evaluator.py:1269 - no_group_F1:0

2025-03-14 13:20:15 - Semantic_Evaluator.py:1270 - no_group_groudtruth:{'0,1'}

2025-03-14 13:20:15 - Semantic_Evaluator.py:1272 - 
no_bytes_Pre:0

2025-03-14 13:20:15 - Semantic_Evaluator.py:1273 - no_bytes_Rec:0

2025-03-14 13:20:15 - Semantic_Evaluator.py:1274 - no_bytes_F1:0

2025-03-14 13:20:15 - Semantic_Evaluator.py:1275 - no_bytes_groudtruth:set()

2025-03-14 13:20:15 - Semantic_Evaluator.py:1277 - 
no_string_Pre:0

2025-03-14 13:20:15 - Semantic_Evaluator.py:1278 - no_string_Rec:0.0

2025-03-14 13:20:15 - Semantic_Evaluator.py:1279 - no_string_F1:0

2025-03-14 13:20:15 - Semantic_Evaluator.py:1280 - no_string_groudtruth:{'4,5,6,7'}

2025-03-14 13:20:15 - Semantic_Evaluator.py:1285 - 


Semantic-Types Evaluation Part For ChatPre(Validated)---------------------------------
2025-03-14 13:20:15 - Semantic_Evaluator.py:1331 - Msg 0 semantic evaluation:***

2025-03-14 13:20:15 - Semantic_Evaluator.py:1332 - msg_semanticTruth:{'0,1': 'Group', '2,3': 'Bit Field'}
2025-03-14 13:20:15 - Semantic_Evaluator.py:1333 - msg_semanticRes:{'0,1': ['Group'], '2,3': ['int']}

2025-03-14 13:20:15 - Semantic_Evaluator.py:30 - correct_format_inferred_correct_semantic:1
2025-03-14 13:20:15 - Semantic_Evaluator.py:31 - 
correct_format_inferred_semantic:2
2025-03-14 13:20:15 - Semantic_Evaluator.py:32 - correct_format:2
2025-03-14 13:20:15 - Semantic_Evaluator.py:1336 - msg_pre:0.5, msg_rec:0.5

2025-03-14 13:20:15 - Semantic_Evaluator.py:1331 - Msg 1 semantic evaluation:***

2025-03-14 13:20:15 - Semantic_Evaluator.py:1332 - msg_semanticTruth:{'0,1': 'Group', '2,3': 'Bit Field', '4,5,6,7': 'String'}
2025-03-14 13:20:15 - Semantic_Evaluator.py:1333 - msg_semanticRes:{'0,1': ['Group'], '2,3': ['Bit Field'], '4,5,6,7': ['Static']}

2025-03-14 13:20:15 - Semantic_Evaluator.py:30 - correct_format_inferred_correct_semantic:2
2025-03-14 13:20:15 - Semantic_Evaluator.py:31 - 
correct_format_inferred_semantic:3
2025-03-14 13:20:15 - Semantic_Evaluator.py:32 - correct_format:3
2025-03-14 13:20:15 - Semantic_Evaluator.py:1336 - msg_pre:0.6666666666666666, msg_rec:0.6666666666666666

2025-03-14 13:20:15 - Semantic_Evaluator.py:1466 - Average_Pre:0.5833333333333333
2025-03-14 13:20:15 - Semantic_Evaluator.py:1467 - Average_Rec:0.5833333333333333
2025-03-14 13:20:15 - Semantic_Evaluator.py:1468 - F1_score:0.5833333333333333
2025-03-14 13:20:15 - Semantic_Evaluator.py:1475 - 

\Semantic-Type Evaluation Part For ChatPre(Validated)---------------------------------

2025-03-14 13:20:15 - Semantic_Evaluator.py:1476 - Average_Pre:0.5833333333333333

2025-03-14 13:20:15 - Semantic_Evaluator.py:1477 - Average_Rec:0.5833333333333333

2025-03-14 13:20:15 - Semantic_Evaluator.py:1478 - F1_score:0.5833333333333333

2025-03-14 13:20:15 - Semantic_Evaluator.py:1480 - 
static_Pre:0.0

2025-03-14 13:20:15 - Semantic_Evaluator.py:1481 - static_Rec:0

2025-03-14 13:20:15 - Semantic_Evaluator.py:1482 - static_F1:0

2025-03-14 13:20:15 - Semantic_Evaluator.py:1483 - static_groudtruth:set()

2025-03-14 13:20:15 - Semantic_Evaluator.py:1485 - 
integer_Pre:1.0

2025-03-14 13:20:15 - Semantic_Evaluator.py:1486 - integer_Rec:0.5

2025-03-14 13:20:15 - Semantic_Evaluator.py:1487 - integer_F1:0.6666666666666666

2025-03-14 13:20:15 - Semantic_Evaluator.py:1488 - integer_groudtruth:{'2,3'}

2025-03-14 13:20:15 - Semantic_Evaluator.py:1490 - 
group_Pre:1.0

2025-03-14 13:20:15 - Semantic_Evaluator.py:1491 - group_Rec:1.0

2025-03-14 13:20:15 - Semantic_Evaluator.py:1492 - group_F1:1.0

2025-03-14 13:20:15 - Semantic_Evaluator.py:1493 - group_groudtruth:{'0,1'}

2025-03-14 13:20:15 - Semantic_Evaluator.py:1495 - 
bytes_Pre:0

2025-03-14 13:20:15 - Semantic_Evaluator.py:1496 - bytes_Rec:0

2025-03-14 13:20:15 - Semantic_Evaluator.py:1497 - bytes_F1:0

2025-03-14 13:20:15 - Semantic_Evaluator.py:1498 - bytes_groudtruth:set()

2025-03-14 13:20:15 - Semantic_Evaluator.py:1500 - 
string_Pre:0

2025-03-14 13:20:15 - Semantic_Evaluator.py:1501 - string_Rec:0.0

2025-03-14 13:20:15 - Semantic_Evaluator.py:1502 - string_F1:0

2025-03-14 13:20:15 - Semantic_Evaluator.py:1503 - string_groudtruth:{'4,5,6,7'}

2025-03-14 13:20:15 - Semantic_Evaluator.py:1510 - 


Semantic-Functions Evaluation Part For ChatPre(no validation)---------------------------------
2025-03-14 13:20:15 - Semantic_Evaluator.py:1561 - Msg 0 semantic evaluation:***

2025-03-14 13:20:15 - Semantic_Evaluator.py:1562 - msg_semanticTruth:{'0,1': 'Command'}
2025-03-14 13:20:15 - Semantic_Evaluator.py:1563 - msg_semanticRes:{'0,1': ['opcode'], '2,3': ['block number']}

2025-03-14 13:20:15 - Semantic_Evaluator.py:65 - correct_format_inferred_correct_semantic:0
2025-03-14 13:20:15 - Semantic_Evaluator.py:66 - 
correct_format_inferred_semantic:2
2025-03-14 13:20:15 - Semantic_Evaluator.py:67 - correct_format:1
2025-03-14 13:20:15 - Semantic_Evaluator.py:1566 - msg_pre:0, msg_rec:0.0

2025-03-14 13:20:15 - Semantic_Evaluator.py:1571 - f:0,1, r:['opcode']
2025-03-14 13:20:15 - Semantic_Evaluator.py:1571 - f:2,3, r:['block number']
2025-03-14 13:20:15 - Semantic_Evaluator.py:1561 - Msg 1 semantic evaluation:***

2025-03-14 13:20:15 - Semantic_Evaluator.py:1562 - msg_semanticTruth:{'0,1': 'Command', '4,5,6,7': 'Filename'}
2025-03-14 13:20:15 - Semantic_Evaluator.py:1563 - msg_semanticRes:{'0,1': ['opcode'], '2,3': ['Length']}

2025-03-14 13:20:15 - Semantic_Evaluator.py:65 - correct_format_inferred_correct_semantic:0
2025-03-14 13:20:15 - Semantic_Evaluator.py:66 - 
correct_format_inferred_semantic:2
2025-03-14 13:20:15 - Semantic_Evaluator.py:67 - correct_format:2
2025-03-14 13:20:15 - Semantic_Evaluator.py:1566 - msg_pre:0, msg_rec:0.0

2025-03-14 13:20:15 - Semantic_Evaluator.py:1571 - f:0,1, r:['opcode']
2025-03-14 13:20:15 - Semantic_Evaluator.py:1571 - f:2,3, r:['Length']
2025-03-14 13:20:15 - Semantic_Evaluator.py:1620 - Average_Pre:0.0
2025-03-14 13:20:15 - Semantic_Evaluator.py:1621 - Average_Rec:0.0
2025-03-14 13:20:15 - Semantic_Evaluator.py:1622 - F1_score:0
2025-03-14 13:20:15 - Semantic_Evaluator.py:1703 - 

\Semantic-Function Evaluation Part For ChatPre(no validation)---------------------------------

2025-03-14 13:20:15 - Semantic_Evaluator.py:1704 - Average_Pre:0.0

2025-03-14 13:20:15 - Semantic_Evaluator.py:1705 - Average_Rec:0.0

2025-03-14 13:20:15 - Semantic_Evaluator.py:1706 - F1_score:0


2025-03-14 13:20:15 - Semantic_Evaluator.py:1707 - no_ChatPre_Command_pre:0

2025-03-14 13:20:15 - Semantic_Evaluator.py:1708 - no_ChatPre_Command_rec:0.0

2025-03-14 13:20:15 - Semantic_Evaluator.py:1709 - no_ChatPre_Command_F1:0


2025-03-14 13:20:15 - Semantic_Evaluator.py:1710 - 

2025-03-14 13:20:15 - Semantic_Evaluator.py:1711 - no_ChatPre_Command_pre:0

2025-03-14 13:20:15 - Semantic_Evaluator.py:1712 - no_ChatPre_Command_rec:0.0

2025-03-14 13:20:15 - Semantic_Evaluator.py:1713 - no_ChatPre_Command_F1:0

2025-03-14 13:20:15 - Semantic_Evaluator.py:1714 - 
no_ChatPre_Length_pre:0.0

2025-03-14 13:20:15 - Semantic_Evaluator.py:1715 - no_ChatPre_Length_rec:0.0

2025-03-14 13:20:15 - Semantic_Evaluator.py:1716 - no_ChatPre_Length_F1:0

2025-03-14 13:20:15 - Semantic_Evaluator.py:1717 - 
no_ChatPre_Delim_pre:0

2025-03-14 13:20:15 - Semantic_Evaluator.py:1718 - no_ChatPre_Delim_rec:0

2025-03-14 13:20:15 - Semantic_Evaluator.py:1719 - no_ChatPre_Delim_F1:0

2025-03-14 13:20:15 - Semantic_Evaluator.py:1720 - no_delim_groudtruth:set()

2025-03-14 13:20:15 - Semantic_Evaluator.py:1721 - 
no_ChatPre_aligned_pre:0

2025-03-14 13:20:15 - Semantic_Evaluator.py:1722 - no_ChatPre_aligned_rec:0

2025-03-14 13:20:15 - Semantic_Evaluator.py:1723 - no_ChatPre_aligned_F1:0

2025-03-14 13:20:15 - Semantic_Evaluator.py:1724 - no_aligned_groudtruth:set()

2025-03-14 13:20:15 - Semantic_Evaluator.py:1725 - 
no_ChatPre_filename_pre:0

2025-03-14 13:20:15 - Semantic_Evaluator.py:1726 - no_ChatPre_filename_rec:0.0

2025-03-14 13:20:15 - Semantic_Evaluator.py:1727 - no_ChatPre_filename_F1:0

2025-03-14 13:20:15 - Semantic_Evaluator.py:1728 - no_filename_groudtruth:{'4,5,6,7'}

2025-03-14 13:20:15 - Semantic_Evaluator.py:1730 - 


Semantic-Functions Evaluation Part For ChatPre(Validated)---------------------------------
2025-03-14 13:20:15 - Semantic_Evaluator.py:1812 - Msg 0 semantic evaluation:***

2025-03-14 13:20:15 - Semantic_Evaluator.py:1813 - msg_semanticTruth:{'0,1': 'Command'}
2025-03-14 13:20:15 - Semantic_Evaluator.py:1814 - msg_semanticRes:{'0,1': ['Command'], '2,3': ['block number']}

2025-03-14 13:20:15 - Semantic_Evaluator.py:65 - correct_format_inferred_correct_semantic:1
2025-03-14 13:20:15 - Semantic_Evaluator.py:66 - 
correct_format_inferred_semantic:2
2025-03-14 13:20:15 - Semantic_Evaluator.py:67 - correct_format:1
2025-03-14 13:20:15 - Semantic_Evaluator.py:1817 - msg_pre:0.5, msg_rec:1.0

2025-03-14 13:20:15 - Semantic_Evaluator.py:1812 - Msg 1 semantic evaluation:***

2025-03-14 13:20:15 - Semantic_Evaluator.py:1813 - msg_semanticTruth:{'0,1': 'Command', '4,5,6,7': 'Filename'}
2025-03-14 13:20:15 - Semantic_Evaluator.py:1814 - msg_semanticRes:{'0,1': ['Command'], '2,3': []}

2025-03-14 13:20:15 - Semantic_Evaluator.py:65 - correct_format_inferred_correct_semantic:1
2025-03-14 13:20:15 - Semantic_Evaluator.py:66 - 
correct_format_inferred_semantic:1
2025-03-14 13:20:15 - Semantic_Evaluator.py:67 - correct_format:2
2025-03-14 13:20:15 - Semantic_Evaluator.py:1817 - msg_pre:1.0, msg_rec:0.5

2025-03-14 13:20:15 - Semantic_Evaluator.py:1831 - Average_Pre:0.75
2025-03-14 13:20:15 - Semantic_Evaluator.py:1832 - Average_Rec:0.75
2025-03-14 13:20:15 - Semantic_Evaluator.py:1833 - F1_score:0.75
2025-03-14 13:20:15 - Semantic_Evaluator.py:1898 - ChatPre_Command_pre:1.0
2025-03-14 13:20:15 - Semantic_Evaluator.py:1899 - ChatPre_Command_rec:1.0
2025-03-14 13:20:15 - Semantic_Evaluator.py:1900 - ChatPre_Length_pre:0
2025-03-14 13:20:15 - Semantic_Evaluator.py:1901 - ChatPre_Length_rec:0.0
2025-03-14 13:20:15 - Semantic_Evaluator.py:1904 - 

\Semantic-Function Evaluation Part For ChatPre(Validated)---------------------------------

2025-03-14 13:20:15 - Semantic_Evaluator.py:1905 - Average_Pre:0.75

2025-03-14 13:20:15 - Semantic_Evaluator.py:1906 - Average_Rec:0.75

2025-03-14 13:20:15 - Semantic_Evaluator.py:1907 - F1_score:0.75

2025-03-14 13:20:15 - Semantic_Evaluator.py:1908 - 

2025-03-14 13:20:15 - Semantic_Evaluator.py:1909 - ChatPre_Command_pre:1.0

2025-03-14 13:20:15 - Semantic_Evaluator.py:1910 - ChatPre_Command_rec:1.0

2025-03-14 13:20:15 - Semantic_Evaluator.py:1911 - ChatPre_Command_F1:1.0

2025-03-14 13:20:15 - Semantic_Evaluator.py:1912 - 
ChatPre_Length_pre:0

2025-03-14 13:20:15 - Semantic_Evaluator.py:1913 - ChatPre_Length_rec:0.0

2025-03-14 13:20:15 - Semantic_Evaluator.py:1914 - ChatPre_Length_F1:0

2025-03-14 13:20:15 - Semantic_Evaluator.py:1915 - 
ChatPre_Delim_pre:0

2025-03-14 13:20:15 - Semantic_Evaluator.py:1916 - ChatPre_Delim_rec:0

2025-03-14 13:20:15 - Semantic_Evaluator.py:1917 - ChatPre_Delim_F1:0

2025-03-14 13:20:15 - Semantic_Evaluator.py:1918 - delim_groudtruth:set()

2025-03-14 13:20:15 - Semantic_Evaluator.py:1919 - 
ChatPre_aligned_pre:0

2025-03-14 13:20:15 - Semantic_Evaluator.py:1920 - ChatPre_aligned_rec:0

2025-03-14 13:20:15 - Semantic_Evaluator.py:1921 - ChatPre_aligned_F1:0

2025-03-14 13:20:15 - Semantic_Evaluator.py:1922 - aligned_groudtruth:set()

2025-03-14 13:20:15 - Semantic_Evaluator.py:1923 - 
ChatPre_filename_pre:0

2025-03-14 13:20:15 - Semantic_Evaluator.py:1924 - ChatPre_filename_rec:0.0

2025-03-14 13:20:15 - Semantic_Evaluator.py:1925 - ChatPre_filename_F1:0

2025-03-14 13:20:15 - Semantic_Evaluator.py:1926 - filename_groudtruth:{'4,5,6,7'}

2025-03-14 13:20:15 - Evelate.py:361 - 


********* [Summary-tftp]: ChatPre Format Extraction *********
2025-03-14 13:20:15 - Evelate.py:362 - Average_Accr:1.0
2025-03-14 13:20:15 - Evelate.py:365 - F1-score:1.0
2025-03-14 13:20:15 - Evelate.py:366 - Average_Perf:1.0
2025-03-14 13:20:15 - Evelate.py:367 - 
-----------------
2025-03-14 13:20:15 - Evelate.py:369 - 
********* [Summary-tftp]: ChatPre(no refine) Semantic-Types Inference *********
2025-03-14 13:20:15 - Evelate.py:370 - Average_Pre:0.25
2025-03-14 13:20:15 - Evelate.py:371 - Average_Rec:0.16666666666666666
2025-03-14 13:20:15 - Evelate.py:372 - F1_score:0.2
2025-03-14 13:20:15 - Evelate.py:375 - 
********* [Summary-tftp]: ChatPre#(refinement) Semantic-Types Inference *********
2025-03-14 13:20:15 - Evelate.py:376 - Average_Pre:0.5833333333333333
2025-03-14 13:20:15 - Evelate.py:377 - Average_Rec:0.5833333333333333
2025-03-14 13:20:15 - Evelate.py:378 - F1_score:0.5833333333333333
2025-03-14 13:20:15 - Evelate.py:380 - 
-----------------
2025-03-14 13:20:15 - Evelate.py:382 - 
********* [Summary-tftp]: ChatPre(no refine) Semantic-Functions Inference *********
2025-03-14 13:20:15 - Evelate.py:383 - Average_Pre:0.0
2025-03-14 13:20:15 - Evelate.py:384 - Average_Rec:0.0
2025-03-14 13:20:15 - Evelate.py:385 - F1_score:0
2025-03-14 13:20:15 - Evelate.py:387 - 
********* [Summary-tftp]: ChatPre#(refinement) Semantic-Functions Inference *********
2025-03-14 13:20:15 - Evelate.py:388 - Average_Pre:0.75
2025-03-14 13:20:15 - Evelate.py:389 - Average_Rec:0.75
2025-03-14 13:20:15 - Evelate.py:390 - F1_score:0.75
2025-03-14 13:20:15 - Evelate.py:407 - 

+++++++++++++++++++++++ Msg 0 +++++++++++++++++++++++
2025-03-14 13:20:15 - Evelate.py:467 - add_field:
2025-03-14 13:20:15 - Evelate.py:467 - add_field:
2025-03-14 13:20:15 - Evelate.py:489 - payload_message: b'\x00\x04\x00\x01'
2025-03-14 13:20:15 - Evelate.py:490 - fields: ['0,1', '2,3']
2025-03-14 13:20:15 - Evelate.py:491 - boundaries: [-1, 1, 3]
2025-03-14 13:20:15 - Evelate.py:492 - field_Types: {'0,1': ['int'], '2,3': ['int']}
2025-03-14 13:20:15 - Evelate.py:493 - field_Functions: {'0,1': ['opcode'], '2,3': ['block number']}
2025-03-14 13:20:15 - Evelate.py:407 - 

+++++++++++++++++++++++ Msg 1 +++++++++++++++++++++++
2025-03-14 13:20:15 - Evelate.py:467 - add_field:
2025-03-14 13:20:15 - Evelate.py:467 - add_field:
2025-03-14 13:20:15 - Evelate.py:489 - payload_message: b'\x00\x03\x00\x01test'
2025-03-14 13:20:15 - Evelate.py:490 - fields: ['0,1', '2,3', '4,5,6,7']
2025-03-14 13:20:15 - Evelate.py:491 - boundaries: [-1, 1, 3, 7]
2025-03-14 13:20:15 - Evelate.py:492 - field_Types: {'0,1': ['int'], '2,3': ['Bit Field']}
2025-03-14 13:20:15 - Evelate.py:493 - field_Functions: {'0,1': ['opcode'], '2,3': ['Length']}
2025-03-14 13:20:15 - Evelate.py:499 - Pre_message_Result:{'0,1': ['int'], '2,3': ['int']}
2025-03-14 13:20:15 - Corrector.py:321 - 


****************Start Corrector!!!*********************
2025-03-14 13:20:15 - Corrector.py:31 - candidates:[]
2025-03-14 13:20:15 - Corrector.py:104 - alignmentInCluster_avg:0
2025-03-14 13:20:15 - Corrector.py:105 - alignmentBetweenClusters_avg:0.25
2025-03-14 13:20:15 - Corrector.py:108 - ----- template_field b'\x00\x03'
2025-03-14 13:20:15 - Corrector.py:112 - template_field b'\x00\x03' is not in candidates
2025-03-14 13:20:15 - Corrector.py:104 - alignmentInCluster_avg:0.25
2025-03-14 13:20:15 - Corrector.py:105 - alignmentBetweenClusters_avg:0
2025-03-14 13:20:15 - Corrector.py:108 - ----- template_field b'\x00\x01'
2025-03-14 13:20:15 - Corrector.py:112 - template_field b'\x00\x01' is not in candidates
2025-03-14 13:20:15 - Corrector.py:114 - template_field b'\x00\x01' does not conform with the command
2025-03-14 13:20:15 - Corrector.py:333 - Command_field:0,1
2025-03-14 13:20:15 - Corrector.py:350 - ############# Cluster :b'\x00\x04' 
2025-03-14 13:20:15 - Corrector.py:162 - 	msg 0
2025-03-14 13:20:15 - Corrector.py:188 - fields_entropies:[0, -0.0]
2025-03-14 13:20:15 - Corrector.py:200 - f : 2,3, entro : -0.0
2025-03-14 13:20:15 - Corrector.py:350 - ############# Cluster :b'\x00\x03' 
2025-03-14 13:20:15 - Corrector.py:162 - 	msg 1
2025-03-14 13:20:15 - Corrector.py:188 - fields_entropies:[0, -0.0]
2025-03-14 13:20:15 - Corrector.py:200 - f : 2,3, entro : -0.0
2025-03-14 13:20:15 - Corrector.py:356 - 


2025-03-14 13:20:15 - Corrector.py:357 - payload_message: b'\x00\x04\x00\x01'
2025-03-14 13:20:15 - Corrector.py:358 - fields: ['0,1', '2,3']
2025-03-14 13:20:15 - Corrector.py:359 - boundaries: [-1, 1, 3]
2025-03-14 13:20:15 - Corrector.py:360 - field_Types: {'0,1': ['Group'], '2,3': ['int']}
2025-03-14 13:20:15 - Corrector.py:361 - field_Functions: {'0,1': ['Command'], '2,3': ['block number']}
2025-03-14 13:20:15 - Corrector.py:356 - 


2025-03-14 13:20:15 - Corrector.py:357 - payload_message: b'\x00\x03\x00\x01test'
2025-03-14 13:20:15 - Corrector.py:358 - fields: ['0,1', '2,3', '4,5,6,7']
2025-03-14 13:20:15 - Corrector.py:359 - boundaries: [-1, 1, 3, 7]
2025-03-14 13:20:15 - Corrector.py:360 - field_Types: {'0,1': ['Group'], '2,3': ['Bit Field'], '4,5,6,7': ['Static']}
2025-03-14 13:20:15 - Corrector.py:361 - field_Functions: {'0,1': ['Command'], '2,3': []}
2025-03-14 13:20:15 - Evelate.py:502 - message_Result:{'0,1': ['Group'], '2,3': ['int']}
2025-03-14 13:20:15 - Evelate.py:503 - Pre_message_Result:{'0,1': ['int'], '2,3': ['int']}
2025-03-14 13:20:15 - Syntax_Evaluator.py:501 - 


Evaluation Part For chatpre - repartition---------------------------------
2025-03-14 13:20:15 - Syntax_Evaluator.py:530 - unused_boundaries:[]
2025-03-14 13:20:15 - Syntax_Evaluator.py:82 - ^^^^
msg_syntaxRes:{1, 3, -1}
2025-03-14 13:20:15 - Syntax_Evaluator.py:83 - msg_syntaxTruth:[-1, 1, 3]


2025-03-14 13:20:15 - Syntax_Evaluator.py:90 - field_boundary1:-1	field_boundary2:1
2025-03-14 13:20:15 - Syntax_Evaluator.py:90 - field_boundary1:1	field_boundary2:3
2025-03-14 13:20:15 - Syntax_Evaluator.py:558 - Msg 0 evaluation:***

2025-03-14 13:20:15 - Syntax_Evaluator.py:559 - msg_accr: 1.0, msg_pre:1.0, msg_rec:1.0, msg_perf:1.0

2025-03-14 13:20:15 - Syntax_Evaluator.py:560 - under_seg: 0, over_seg:0

2025-03-14 13:20:15 - Syntax_Evaluator.py:530 - unused_boundaries:[]
2025-03-14 13:20:15 - Syntax_Evaluator.py:82 - ^^^^
msg_syntaxRes:{1, 3, -1, 7}
2025-03-14 13:20:15 - Syntax_Evaluator.py:83 - msg_syntaxTruth:[-1, 1, 3, 7]


2025-03-14 13:20:15 - Syntax_Evaluator.py:90 - field_boundary1:-1	field_boundary2:1
2025-03-14 13:20:15 - Syntax_Evaluator.py:90 - field_boundary1:1	field_boundary2:3
2025-03-14 13:20:15 - Syntax_Evaluator.py:90 - field_boundary1:3	field_boundary2:7
2025-03-14 13:20:15 - Syntax_Evaluator.py:558 - Msg 1 evaluation:***

2025-03-14 13:20:15 - Syntax_Evaluator.py:559 - msg_accr: 1.0, msg_pre:1.0, msg_rec:1.0, msg_perf:1.0

2025-03-14 13:20:15 - Syntax_Evaluator.py:560 - under_seg: 0, over_seg:0

2025-03-14 13:20:15 - Syntax_Evaluator.py:579 - Average_Accr:1.0
2025-03-14 13:20:15 - Syntax_Evaluator.py:580 - Average_Pre:1.0
2025-03-14 13:20:15 - Syntax_Evaluator.py:581 - Average_Rec:1.0
2025-03-14 13:20:15 - Syntax_Evaluator.py:582 - F1-score:1.0
2025-03-14 13:20:15 - Syntax_Evaluator.py:583 - Average_Perf:1.0
2025-03-14 13:20:15 - Syntax_Evaluator.py:584 - ******************
2025-03-14 13:20:15 - Syntax_Evaluator.py:585 - Under_Seg:0
2025-03-14 13:20:15 - Syntax_Evaluator.py:586 - Over_Seg:0
2025-03-14 13:20:15 - Syntax_Evaluator.py:587 - handle_unused's Over_Seg:0

2025-03-14 13:20:15 - Syntax_Evaluator.py:588 - Error_Handled_Unused_Under_Seg:0

2025-03-14 13:20:15 - Semantic_Evaluator.py:1933 - 


Semantic-Types Evaluation Part For ChatPre-repartition(no validation)---------------------------------
2025-03-14 13:20:15 - Semantic_Evaluator.py:1978 - Msg 0 semantic evaluation:***

2025-03-14 13:20:15 - Semantic_Evaluator.py:1979 - msg_semanticTruth:{'0,1': 'Group', '2,3': 'Bit Field'}
2025-03-14 13:20:15 - Semantic_Evaluator.py:1980 - msg_semanticRes:{'0,1': ['int'], '2,3': ['int']}

2025-03-14 13:20:15 - Semantic_Evaluator.py:30 - correct_format_inferred_correct_semantic:0
2025-03-14 13:20:15 - Semantic_Evaluator.py:31 - 
correct_format_inferred_semantic:2
2025-03-14 13:20:15 - Semantic_Evaluator.py:32 - correct_format:2
2025-03-14 13:20:15 - Semantic_Evaluator.py:1983 - msg_pre:0, msg_rec:0

2025-03-14 13:20:15 - Semantic_Evaluator.py:1978 - Msg 1 semantic evaluation:***

2025-03-14 13:20:15 - Semantic_Evaluator.py:1979 - msg_semanticTruth:{'0,1': 'Group', '2,3': 'Bit Field', '4,5,6,7': 'String'}
2025-03-14 13:20:15 - Semantic_Evaluator.py:1980 - msg_semanticRes:{'0,1': ['int'], '2,3': ['Bit Field']}

2025-03-14 13:20:15 - Semantic_Evaluator.py:30 - correct_format_inferred_correct_semantic:1
2025-03-14 13:20:15 - Semantic_Evaluator.py:31 - 
correct_format_inferred_semantic:2
2025-03-14 13:20:15 - Semantic_Evaluator.py:32 - correct_format:3
2025-03-14 13:20:15 - Semantic_Evaluator.py:1983 - msg_pre:0.5, msg_rec:0.3333333333333333

2025-03-14 13:20:15 - Semantic_Evaluator.py:2041 - Average_Pre:0.25
2025-03-14 13:20:15 - Semantic_Evaluator.py:2042 - Average_Rec:0.16666666666666666
2025-03-14 13:20:15 - Semantic_Evaluator.py:2043 - F1_score:0.2
2025-03-14 13:20:15 - Semantic_Evaluator.py:2124 - 

\Semantic-Type Evaluation Part For ChatPre-repartition(no validation)---------------------------------

2025-03-14 13:20:15 - Semantic_Evaluator.py:2125 - no_Average_Pre:0.25

2025-03-14 13:20:15 - Semantic_Evaluator.py:2126 - no_Average_Rec:0.16666666666666666

2025-03-14 13:20:15 - Semantic_Evaluator.py:2127 - no_F1_score:0.2

2025-03-14 13:20:15 - Semantic_Evaluator.py:2129 - 
no_static_Pre:0

2025-03-14 13:20:15 - Semantic_Evaluator.py:2130 - no_static_Rec:0

2025-03-14 13:20:15 - Semantic_Evaluator.py:2131 - no_static_F1:0

2025-03-14 13:20:15 - Semantic_Evaluator.py:2132 - no_static_groudtruth:set()

2025-03-14 13:20:15 - Semantic_Evaluator.py:2134 - 
no_integer_Pre:1.0

2025-03-14 13:20:15 - Semantic_Evaluator.py:2135 - no_integer_Rec:0.5

2025-03-14 13:20:15 - Semantic_Evaluator.py:2136 - no_integer_F1:0.6666666666666666

2025-03-14 13:20:15 - Semantic_Evaluator.py:2137 - no_integer_groudtruth:{'2,3'}

2025-03-14 13:20:15 - Semantic_Evaluator.py:2139 - 
no_group_Pre:0

2025-03-14 13:20:15 - Semantic_Evaluator.py:2140 - no_group_Rec:0.0

2025-03-14 13:20:15 - Semantic_Evaluator.py:2141 - no_group_F1:0

2025-03-14 13:20:15 - Semantic_Evaluator.py:2142 - no_group_groudtruth:{'0,1'}

2025-03-14 13:20:15 - Semantic_Evaluator.py:2144 - 
no_bytes_Pre:0

2025-03-14 13:20:15 - Semantic_Evaluator.py:2145 - no_bytes_Rec:0

2025-03-14 13:20:15 - Semantic_Evaluator.py:2146 - no_bytes_F1:0

2025-03-14 13:20:15 - Semantic_Evaluator.py:2147 - no_bytes_groudtruth:set()

2025-03-14 13:20:15 - Semantic_Evaluator.py:2149 - 
no_string_Pre:0

2025-03-14 13:20:15 - Semantic_Evaluator.py:2150 - no_string_Rec:0.0

2025-03-14 13:20:15 - Semantic_Evaluator.py:2151 - no_string_F1:0

2025-03-14 13:20:15 - Semantic_Evaluator.py:2152 - no_string_groudtruth:{'4,5,6,7'}

2025-03-14 13:20:15 - Semantic_Evaluator.py:2157 - 


Semantic-Types Evaluation Part For ChatPre-repartition(Validated)---------------------------------
2025-03-14 13:20:15 - Semantic_Evaluator.py:2203 - Msg 0 semantic evaluation:***

2025-03-14 13:20:15 - Semantic_Evaluator.py:2204 - msg_semanticTruth:{'0,1': 'Group', '2,3': 'Bit Field'}
2025-03-14 13:20:15 - Semantic_Evaluator.py:2205 - msg_semanticRes:{'0,1': ['Group'], '2,3': ['int']}

2025-03-14 13:20:15 - Semantic_Evaluator.py:30 - correct_format_inferred_correct_semantic:1
2025-03-14 13:20:15 - Semantic_Evaluator.py:31 - 
correct_format_inferred_semantic:2
2025-03-14 13:20:15 - Semantic_Evaluator.py:32 - correct_format:2
2025-03-14 13:20:15 - Semantic_Evaluator.py:2208 - msg_pre:0.5, msg_rec:0.5

2025-03-14 13:20:15 - Semantic_Evaluator.py:2203 - Msg 1 semantic evaluation:***

2025-03-14 13:20:15 - Semantic_Evaluator.py:2204 - msg_semanticTruth:{'0,1': 'Group', '2,3': 'Bit Field', '4,5,6,7': 'String'}
2025-03-14 13:20:15 - Semantic_Evaluator.py:2205 - msg_semanticRes:{'0,1': ['Group'], '2,3': ['Bit Field'], '4,5,6,7': ['Static']}

2025-03-14 13:20:15 - Semantic_Evaluator.py:30 - correct_format_inferred_correct_semantic:2
2025-03-14 13:20:15 - Semantic_Evaluator.py:31 - 
correct_format_inferred_semantic:3
2025-03-14 13:20:15 - Semantic_Evaluator.py:32 - correct_format:3
2025-03-14 13:20:15 - Semantic_Evaluator.py:2208 - msg_pre:0.6666666666666666, msg_rec:0.6666666666666666

2025-03-14 13:20:15 - Semantic_Evaluator.py:2338 - Average_Pre:0.5833333333333333
2025-03-14 13:20:15 - Semantic_Evaluator.py:2339 - Average_Rec:0.5833333333333333
2025-03-14 13:20:15 - Semantic_Evaluator.py:2340 - F1_score:0.5833333333333333
2025-03-14 13:20:15 - Semantic_Evaluator.py:2347 - 

\Semantic-Type Evaluation Part For ChatPre-repartition(Validated)---------------------------------

2025-03-14 13:20:15 - Semantic_Evaluator.py:2348 - Average_Pre:0.5833333333333333

2025-03-14 13:20:15 - Semantic_Evaluator.py:2349 - Average_Rec:0.5833333333333333

2025-03-14 13:20:15 - Semantic_Evaluator.py:2350 - F1_score:0.5833333333333333

2025-03-14 13:20:15 - Semantic_Evaluator.py:2352 - 
static_Pre:0.0

2025-03-14 13:20:15 - Semantic_Evaluator.py:2353 - static_Rec:0

2025-03-14 13:20:15 - Semantic_Evaluator.py:2354 - static_F1:0

2025-03-14 13:20:15 - Semantic_Evaluator.py:2355 - static_groudtruth:set()

2025-03-14 13:20:15 - Semantic_Evaluator.py:2357 - 
integer_Pre:1.0

2025-03-14 13:20:15 - Semantic_Evaluator.py:2358 - integer_Rec:0.5

2025-03-14 13:20:15 - Semantic_Evaluator.py:2359 - integer_F1:0.6666666666666666

2025-03-14 13:20:15 - Semantic_Evaluator.py:2360 - integer_groudtruth:{'2,3'}

2025-03-14 13:20:15 - Semantic_Evaluator.py:2362 - 
group_Pre:1.0

2025-03-14 13:20:15 - Semantic_Evaluator.py:2363 - group_Rec:1.0

2025-03-14 13:20:15 - Semantic_Evaluator.py:2364 - group_F1:1.0

2025-03-14 13:20:15 - Semantic_Evaluator.py:2365 - group_groudtruth:{'0,1'}

2025-03-14 13:20:15 - Semantic_Evaluator.py:2367 - 
bytes_Pre:0

2025-03-14 13:20:15 - Semantic_Evaluator.py:2368 - bytes_Rec:0

2025-03-14 13:20:15 - Semantic_Evaluator.py:2369 - bytes_F1:0

2025-03-14 13:20:15 - Semantic_Evaluator.py:2370 - bytes_groudtruth:set()

2025-03-14 13:20:15 - Semantic_Evaluator.py:2372 - 
string_Pre:0

2025-03-14 13:20:15 - Semantic_Evaluator.py:2373 - string_Rec:0.0

2025-03-14 13:20:15 - Semantic_Evaluator.py:2374 - string_F1:0

2025-03-14 13:20:15 - Semantic_Evaluator.py:2375 - string_groudtruth:{'4,5,6,7'}

2025-03-14 13:20:15 - Semantic_Evaluator.py:2382 - 


Semantic-Functions Evaluation Part For ChatPre-repartition(no validation)---------------------------------
2025-03-14 13:20:15 - Semantic_Evaluator.py:2433 - Msg 0 semantic evaluation:***

2025-03-14 13:20:15 - Semantic_Evaluator.py:2434 - msg_semanticTruth:{'0,1': 'Command'}
2025-03-14 13:20:15 - Semantic_Evaluator.py:2435 - msg_semanticRes:{'0,1': ['opcode'], '2,3': ['block number']}

2025-03-14 13:20:15 - Semantic_Evaluator.py:65 - correct_format_inferred_correct_semantic:0
2025-03-14 13:20:15 - Semantic_Evaluator.py:66 - 
correct_format_inferred_semantic:2
2025-03-14 13:20:15 - Semantic_Evaluator.py:67 - correct_format:1
2025-03-14 13:20:15 - Semantic_Evaluator.py:2438 - msg_pre:0, msg_rec:0.0

2025-03-14 13:20:15 - Semantic_Evaluator.py:2443 - f:0,1, r:['opcode']
2025-03-14 13:20:15 - Semantic_Evaluator.py:2443 - f:2,3, r:['block number']
2025-03-14 13:20:15 - Semantic_Evaluator.py:2433 - Msg 1 semantic evaluation:***

2025-03-14 13:20:15 - Semantic_Evaluator.py:2434 - msg_semanticTruth:{'0,1': 'Command', '4,5,6,7': 'Filename'}
2025-03-14 13:20:15 - Semantic_Evaluator.py:2435 - msg_semanticRes:{'0,1': ['opcode'], '2,3': ['Length']}

2025-03-14 13:20:15 - Semantic_Evaluator.py:65 - correct_format_inferred_correct_semantic:0
2025-03-14 13:20:15 - Semantic_Evaluator.py:66 - 
correct_format_inferred_semantic:2
2025-03-14 13:20:15 - Semantic_Evaluator.py:67 - correct_format:2
2025-03-14 13:20:15 - Semantic_Evaluator.py:2438 - msg_pre:0, msg_rec:0.0

2025-03-14 13:20:15 - Semantic_Evaluator.py:2443 - f:0,1, r:['opcode']
2025-03-14 13:20:15 - Semantic_Evaluator.py:2443 - f:2,3, r:['Length']
2025-03-14 13:20:15 - Semantic_Evaluator.py:2492 - Average_Pre:0.0
2025-03-14 13:20:15 - Semantic_Evaluator.py:2493 - Average_Rec:0.0
2025-03-14 13:20:15 - Semantic_Evaluator.py:2494 - F1_score:0
2025-03-14 13:20:15 - Semantic_Evaluator.py:2575 - 

\Semantic-Function Evaluation Part For ChatPre-repartition(no validation)---------------------------------

2025-03-14 13:20:15 - Semantic_Evaluator.py:2576 - Average_Pre:0.0

2025-03-14 13:20:15 - Semantic_Evaluator.py:2577 - Average_Rec:0.0

2025-03-14 13:20:15 - Semantic_Evaluator.py:2578 - F1_score:0


2025-03-14 13:20:15 - Semantic_Evaluator.py:2579 - no_ChatPre_Command_pre:0

2025-03-14 13:20:15 - Semantic_Evaluator.py:2580 - no_ChatPre_Command_rec:0.0

2025-03-14 13:20:15 - Semantic_Evaluator.py:2581 - no_ChatPre_Command_F1:0


2025-03-14 13:20:15 - Semantic_Evaluator.py:2582 - 

2025-03-14 13:20:15 - Semantic_Evaluator.py:2583 - no_ChatPre_Command_pre:0

2025-03-14 13:20:15 - Semantic_Evaluator.py:2584 - no_ChatPre_Command_rec:0.0

2025-03-14 13:20:15 - Semantic_Evaluator.py:2585 - no_ChatPre_Command_F1:0

2025-03-14 13:20:15 - Semantic_Evaluator.py:2586 - 
no_ChatPre_Length_pre:0.0

2025-03-14 13:20:15 - Semantic_Evaluator.py:2587 - no_ChatPre_Length_rec:0.0

2025-03-14 13:20:15 - Semantic_Evaluator.py:2588 - no_ChatPre_Length_F1:0

2025-03-14 13:20:15 - Semantic_Evaluator.py:2589 - 
no_ChatPre_Delim_pre:0

2025-03-14 13:20:15 - Semantic_Evaluator.py:2590 - no_ChatPre_Delim_rec:0

2025-03-14 13:20:15 - Semantic_Evaluator.py:2591 - no_ChatPre_Delim_F1:0

2025-03-14 13:20:15 - Semantic_Evaluator.py:2592 - no_delim_groudtruth:set()

2025-03-14 13:20:15 - Semantic_Evaluator.py:2593 - 
no_ChatPre_aligned_pre:0

2025-03-14 13:20:15 - Semantic_Evaluator.py:2594 - no_ChatPre_aligned_rec:0

2025-03-14 13:20:15 - Semantic_Evaluator.py:2595 - no_ChatPre_aligned_F1:0

2025-03-14 13:20:15 - Semantic_Evaluator.py:2596 - no_aligned_groudtruth:set()

2025-03-14 13:20:15 - Semantic_Evaluator.py:2597 - 
no_ChatPre_filename_pre:0

2025-03-14 13:20:15 - Semantic_Evaluator.py:2598 - no_ChatPre_filename_rec:0.0

2025-03-14 13:20:15 - Semantic_Evaluator.py:2599 - no_ChatPre_filename_F1:0

2025-03-14 13:20:15 - Semantic_Evaluator.py:2600 - no_filename_groudtruth:{'4,5,6,7'}

2025-03-14 13:20:15 - Semantic_Evaluator.py:2602 - 


Semantic-Functions Evaluation Part For ChatPre-repartition(Validated)---------------------------------
2025-03-14 13:20:15 - Semantic_Evaluator.py:2684 - Msg 0 semantic evaluation:***

2025-03-14 13:20:15 - Semantic_Evaluator.py:2685 - msg_semanticTruth:{'0,1': 'Command'}
2025-03-14 13:20:15 - Semantic_Evaluator.py:2686 - msg_semanticRes:{'0,1': ['Command'], '2,3': ['block number']}

2025-03-14 13:20:15 - Semantic_Evaluator.py:65 - correct_format_inferred_correct_semantic:1
2025-03-14 13:20:15 - Semantic_Evaluator.py:66 - 
correct_format_inferred_semantic:2
2025-03-14 13:20:15 - Semantic_Evaluator.py:67 - correct_format:1
2025-03-14 13:20:15 - Semantic_Evaluator.py:2689 - msg_pre:0.5, msg_rec:1.0

2025-03-14 13:20:15 - Semantic_Evaluator.py:2684 - Msg 1 semantic evaluation:***

2025-03-14 13:20:15 - Semantic_Evaluator.py:2685 - msg_semanticTruth:{'0,1': 'Command', '4,5,6,7': 'Filename'}
2025-03-14 13:20:15 - Semantic_Evaluator.py:2686 - msg_semanticRes:{'0,1': ['Command'], '2,3': []}

2025-03-14 13:20:15 - Semantic_Evaluator.py:65 - correct_format_inferred_correct_semantic:1
2025-03-14 13:20:15 - Semantic_Evaluator.py:66 - 
correct_format_inferred_semantic:1
2025-03-14 13:20:15 - Semantic_Evaluator.py:67 - correct_format:2
2025-03-14 13:20:15 - Semantic_Evaluator.py:2689 - msg_pre:1.0, msg_rec:0.5

2025-03-14 13:20:15 - Semantic_Evaluator.py:2703 - Average_Pre:0.75
2025-03-14 13:20:15 - Semantic_Evaluator.py:2704 - Average_Rec:0.75
2025-03-14 13:20:15 - Semantic_Evaluator.py:2705 - F1_score:0.75
2025-03-14 13:20:15 - Semantic_Evaluator.py:2770 - ChatPre_Command_pre:1.0
2025-03-14 13:20:15 - Semantic_Evaluator.py:2771 - ChatPre_Command_rec:1.0
2025-03-14 13:20:15 - Semantic_Evaluator.py:2772 - ChatPre_Length_pre:0
2025-03-14 13:20:15 - Semantic_Evaluator.py:2773 - ChatPre_Length_rec:0.0
2025-03-14 13:20:15 - Semantic_Evaluator.py:2776 - 

\Semantic-Function Evaluation Part For ChatPre-repartition(Validated)---------------------------------

2025-03-14 13:20:15 - Semantic_Evaluator.py:2777 - Average_Pre:0.75

2025-03-14 13:20:15 - Semantic_Evaluator.py:2778 - Average_Rec:0.75

2025-03-14 13:20:15 - Semantic_Evaluator.py:2779 - F1_score:0.75

2025-03-14 13:20:15 - Semantic_Evaluator.py:2780 - 

2025-03-14 13:20:15 - Semantic_Evaluator.py:2781 - ChatPre_Command_pre:1.0

2025-03-14 13:20:15 - Semantic_Evaluator.py:2782 - ChatPre_Command_rec:1.0

2025-03-14 13:20:15 - Semantic_Evaluator.py:2783 - ChatPre_Command_F1:1.0

2025-03-14 13:20:15 - Semantic_Evaluator.py:2784 - 
ChatPre_Length_pre:0

2025-03-14 13:20:15 - Semantic_Evaluator.py:2785 - ChatPre_Length_rec:0.0

2025-03-14 13:20:15 - Semantic_Evaluator.py:2786 - ChatPre_Length_F1:0

2025-03-14 13:20:15 - Semantic_Evaluator.py:2787 - 
ChatPre_Delim_pre:0

2025-03-14 13:20:15 - Semantic_Evaluator.py:2788 - ChatPre_Delim_rec:0

2025-03-14 13:20:15 - Semantic_Evaluator.py:2789 - ChatPre_Delim_F1:0

2025-03-14 13:20:15 - Semantic_Evaluator.py:2790 - delim_groudtruth:set()

2025-03-14 13:20:15 - Semantic_Evaluator.py:2791 - 
ChatPre_aligned_pre:0

2025-03-14 13:20:15 - Semantic_Evaluator.py:2792 - ChatPre_aligned_rec:0

2025-03-14 13:20:15 - Semantic_Evaluator.py:2793 - ChatPre_aligned_F1:0

2025-03-14 13:20:15 - Semantic_Evaluator.py:2794 - aligned_groudtruth:set()

2025-03-14 13:20:15 - Semantic_Evaluator.py:2795 - 
ChatPre_filename_pre:0

2025-03-14 13:20:15 - Semantic_Evaluator.py:2796 - ChatPre_filename_rec:0.0

2025-03-14 13:20:15 - Semantic_Evaluator.py:2797 - ChatPre_filename_F1:0

2025-03-14 13:20:15 - Semantic_Evaluator.py:2798 - filename_groudtruth:{'4,5,6,7'}

2025-03-14 13:20:15 - Evelate.py:512 - 


********* [Summary-tftp]: chatpre - repartition Format Extraction *********
2025-03-14 13:20:15 - Evelate.py:513 - Average_Accr:1.0
2025-03-14 13:20:15 - Evelate.py:516 - F1-score:1.0
2025-03-14 13:20:15 - Evelate.py:517 - Average_Perf:1.0
2025-03-14 13:20:15 - Evelate.py:518 - 
-----------------
2025-03-14 13:20:15 - Evelate.py:520 - 
********* [Summary-tftp]: chatpre - repartition(no refine) Semantic-Types Inference *********
2025-03-14 13:20:15 - Evelate.py:521 - Average_Pre:0.25
2025-03-14 13:20:15 - Evelate.py:522 - Average_Rec:0.16666666666666666
2025-03-14 13:20:15 - Evelate.py:523 - F1_score:0.2
2025-03-14 13:20:15 - Evelate.py:526 - 
********* [Summary-tftp]: chatpre - repartition#(refinement) Semantic-Types Inference *********
2025-03-14 13:20:15 - Evelate.py:527 - Average_Pre:0.5833333333333333
2025-03-14 13:20:15 - Evelate.py:528 - Average_Rec:0.5833333333333333
2025-03-14 13:20:15 - Evelate.py:529 - F1_score:0.5833333333333333
2025-03-14 13:20:15 - Evelate.py:531 - 
-----------------
2025-03-14 13:20:15 - Evelate.py:533 - 
********* [Summary-tftp]: chatpre - repartition(no refine) Semantic-Functions Inference *********
2025-03-14 13:20:15 - Evelate.py:534 - Average_Pre:0.0
2025-03-14 13:20:15 - Evelate.py:535 - Average_Rec:0.0
2025-03-14 13:20:15 - Evelate.py:536 - F1_score:0
2025-03-14 13:20:15 - Evelate.py:538 - 
********* [Summary-tftp]: chatpre - repartition#(refinement) Semantic-Functions Inference *********
2025-03-14 13:20:15 - Evelate.py:539 - Average_Pre:0.75
2025-03-14 13:20:15 - Evelate.py:540 - Average_Rec:0.75
2025-03-14 13:20:15 - Evelate.py:541 - F1_score:0.75
2025-03-14 13:20:15 - Evelate.py:559 - 
Total Analyze Time:0.3317878246307373
